JobID: 11793877
Running on: holy8a24301.rc.fas.harvard.edu
Current directory: /n/home01/awen/meows_home/LCDM/act_run_CMBonly
Date: Tue Apr 22 01:27:25 EDT 2025
Python executable: /n/home01/awen/miniconda3/envs/cobaya_env/bin/python
Using YAML file: N_eff_act6.yaml
[output] Output to be read-from/written-into folder 'chains', with prefix 'act6lite'
[output] Found existing info files with the requested output prefix: 'chains/act6lite'
[output] Let's try to resume/load.
[output] Found an old sample. Resuming.
[prior] *WARNING* External prior 'cal_dip_prior' loaded. Mind that it might not be normalized!
[camb] `camb` module loaded successfully from /n/holylfs05/LABS/arguelles_delgado_lab/Lab/meows_dnn/alex/LCDM/packages/code/CAMB/camb
[mcmc] Resuming from previous sample!
[samplecollection] Loaded 34495 sample points from 'chains/act6lite.1.txt'
[mcmc] Initial point: nnu:2.434182, ombh2:0.0218745, omch2:0.1201071, cosmomc_theta:0.01041103, logA:2.996025, ns:0.9027704, tau:0.0245819, A_act:0.9991171, P_act:0.999523
[mcmc] *WARNING* Parameter blocking manually/previously fixed: speeds will not be measured.
[mcmc] Oversampling with factors:
[mcmc] *  1 : ['nnu', 'ombh2', 'omch2', 'cosmomc_theta', 'tau']
[mcmc] *  1 : ['logA', 'ns']
[mcmc] * 18 : ['A_act', 'P_act']
[mcmc] Covariance matrix from previous sample.
[mcmc] Sampling!
[mcmc] Progress @ 2025-04-22 01:27:46 : 1 steps taken, and 34495 accepted.

 ========================================================================================================== 
 || You are entering CosmoRec v2.0.3 beta (batch mode). Several initializations will be executed now.
 ========================================================================================================== 

 load_rates::Loading effective Rate data (HI) 
 resolved level # 0 :: 2 0 HI_index= 1
 resolved level # 1 :: 2 1 HI_index= 2
 resolved level # 2 :: 3 0 HI_index= 3
 resolved level # 3 :: 3 1 HI_index= 4
 resolved level # 4 :: 3 2 HI_index= 5
 load_rates::finished. # of resolved states: 5 Tg-points: 500


 load_rates::Loading effective Rate data (HeI) 
 resolved level # 0 :: 2 0 s= 0 j= 0 HeI_index= 1
 resolved level # 1 :: 2 1 s= 0 j= 1 HeI_index= 2
 resolved level # 2 :: 2 0 s= 1 j= 1 HeI_index= 3
 resolved level # 3 :: 2 1 s= 1 j= 1 HeI_index= 5
 load_rates::finished. # of resolved states: 4 Tg-points: 500

 Load_fcorr:: Loading correction factor for DPesc due to HI :
 /n/home01/awen/meows_home/LCDM/packages/code/CosmoRec.v2.0.3b/./Development/Recombination/Data.fcorr/f.corr.dat
 Load_fcorr:: Number of redshift points: 40


 ========================================================================================================== 
 || The first run was successful. Will now switch to 'silent' mode.
 ========================================================================================================== 
[mcmc] Progress @ 2025-04-22 01:28:47 : 147 steps taken, and 34518 accepted.
[mcmc] Progress @ 2025-04-22 01:29:47 : 268 steps taken, and 34541 accepted.
[mcmc] Learn + convergence test @ 34560 samples accepted.
[mcmc]  - Acceptance rate: 0.808
[mcmc]  - Convergence of means: R-1 = 0.030796 after 27648 accepted steps
[mcmc]  - Updated covariance matrix of proposal pdf.
[mcmc] Progress @ 2025-04-22 01:30:49 : 445 steps taken, and 34569 accepted.
[mcmc] Progress @ 2025-04-22 01:31:49 : 576 steps taken, and 34594 accepted.
[mcmc] Progress @ 2025-04-22 01:32:51 : 736 steps taken, and 34615 accepted.
[mcmc] Progress @ 2025-04-22 01:33:51 : 869 steps taken, and 34638 accepted.
[mcmc] Progress @ 2025-04-22 01:34:52 : 1012 steps taken, and 34657 accepted.
[mcmc] Progress @ 2025-04-22 01:35:53 : 1154 steps taken, and 34676 accepted.
[mcmc] Progress @ 2025-04-22 01:36:56 : 1331 steps taken, and 34706 accepted.
[mcmc] Progress @ 2025-04-22 01:37:58 : 1470 steps taken, and 34730 accepted.
[mcmc] Progress @ 2025-04-22 01:38:59 : 1613 steps taken, and 34756 accepted.
[mcmc] Progress @ 2025-04-22 01:40:01 : 1753 steps taken, and 34777 accepted.
[mcmc] Progress @ 2025-04-22 01:41:02 : 1862 steps taken, and 34793 accepted.
[mcmc] Progress @ 2025-04-22 01:42:04 : 1998 steps taken, and 34813 accepted.
[mcmc] Progress @ 2025-04-22 01:43:04 : 2131 steps taken, and 34835 accepted.
[mcmc] Progress @ 2025-04-22 01:44:06 : 2277 steps taken, and 34858 accepted.
 Warning: xe at redshift zero is < 1
 Check input parameters an Reionization_xe
 function in the Reionization module
 Warning: xe at redshift zero is < 1
 Check input parameters an Reionization_xe
 function in the Reionization module
[mcmc] Learn + convergence test @ 34880 samples accepted.
[mcmc]  - Acceptance rate: 0.808
[mcmc]  - Convergence of means: R-1 = 0.033832 after 27904 accepted steps
[mcmc]  - Updated covariance matrix of proposal pdf.
[mcmc] Progress @ 2025-04-22 01:45:08 : 2418 steps taken, and 34883 accepted.
[mcmc] Progress @ 2025-04-22 01:46:09 : 2606 steps taken, and 34913 accepted.
[mcmc] Progress @ 2025-04-22 01:47:09 : 2768 steps taken, and 34937 accepted.
[mcmc] Progress @ 2025-04-22 01:48:10 : 3020 steps taken, and 34975 accepted.
 Warning: xe at redshift zero is < 1
 Check input parameters an Reionization_xe
 function in the Reionization module
[mcmc] Progress @ 2025-04-22 01:49:13 : 3166 steps taken, and 34997 accepted.
[mcmc] Progress @ 2025-04-22 01:50:15 : 3313 steps taken, and 35019 accepted.
[mcmc] Progress @ 2025-04-22 01:51:18 : 3495 steps taken, and 35052 accepted.
[mcmc] Progress @ 2025-04-22 01:52:22 : 3639 steps taken, and 35077 accepted.
[mcmc] Progress @ 2025-04-22 01:53:23 : 3785 steps taken, and 35102 accepted.
[mcmc] Progress @ 2025-04-22 01:54:23 : 3915 steps taken, and 35125 accepted.
[mcmc] Progress @ 2025-04-22 01:55:24 : 4064 steps taken, and 35150 accepted.
[mcmc] Progress @ 2025-04-22 01:56:26 : 4256 steps taken, and 35177 accepted.
[mcmc] Learn + convergence test @ 35200 samples accepted.
[mcmc]  - Acceptance rate: 0.808
[mcmc]  - Convergence of means: R-1 = 0.040102 after 28160 accepted steps
[mcmc]  - Updated covariance matrix of proposal pdf.
[mcmc] Progress @ 2025-04-22 01:57:27 : 4433 steps taken, and 35208 accepted.
 Warning: xe at redshift zero is < 1
 Check input parameters an Reionization_xe
 function in the Reionization module
[mcmc] Progress @ 2025-04-22 01:58:28 : 4629 steps taken, and 35241 accepted.
[mcmc] Progress @ 2025-04-22 01:59:30 : 4792 steps taken, and 35272 accepted.
[mcmc] Progress @ 2025-04-22 02:00:32 : 4916 steps taken, and 35295 accepted.
[mcmc] Progress @ 2025-04-22 02:01:33 : 5069 steps taken, and 35312 accepted.
[mcmc] Progress @ 2025-04-22 02:02:33 : 5206 steps taken, and 35333 accepted.
[mcmc] Progress @ 2025-04-22 02:03:33 : 5338 steps taken, and 35356 accepted.
 Warning: xe at redshift zero is < 1
 Check input parameters an Reionization_xe
 function in the Reionization module
[mcmc] Progress @ 2025-04-22 02:04:36 : 5500 steps taken, and 35385 accepted.
[mcmc] Progress @ 2025-04-22 02:05:38 : 5646 steps taken, and 35412 accepted.
[mcmc] Progress @ 2025-04-22 02:06:38 : 5842 steps taken, and 35443 accepted.
[mcmc] Progress @ 2025-04-22 02:07:40 : 5995 steps taken, and 35470 accepted.
[mcmc] Progress @ 2025-04-22 02:08:43 : 6116 steps taken, and 35487 accepted.
[mcmc] Progress @ 2025-04-22 02:09:45 : 6244 steps taken, and 35508 accepted.
[mcmc] Learn + convergence test @ 35520 samples accepted.
[mcmc]  - Acceptance rate: 0.808
[mcmc]  - Convergence of means: R-1 = 0.044042 after 28416 accepted steps
[mcmc]  - Updated covariance matrix of proposal pdf.
[mcmc] Progress @ 2025-04-22 02:10:45 : 6385 steps taken, and 35535 accepted.
[mcmc] Progress @ 2025-04-22 02:11:47 : 6544 steps taken, and 35563 accepted.
[mcmc] Progress @ 2025-04-22 02:12:47 : 6654 steps taken, and 35583 accepted.
[mcmc] Progress @ 2025-04-22 02:13:51 : 6797 steps taken, and 35608 accepted.
[mcmc] Progress @ 2025-04-22 02:14:53 : 6969 steps taken, and 35636 accepted.
[mcmc] Progress @ 2025-04-22 02:15:55 : 7113 steps taken, and 35657 accepted.
[mcmc] Progress @ 2025-04-22 02:16:57 : 7270 steps taken, and 35680 accepted.
[mcmc] Progress @ 2025-04-22 02:17:57 : 7414 steps taken, and 35702 accepted.
[mcmc] Progress @ 2025-04-22 02:18:59 : 7530 steps taken, and 35722 accepted.
[mcmc] Progress @ 2025-04-22 02:19:59 : 7658 steps taken, and 35740 accepted.
[mcmc] Progress @ 2025-04-22 02:20:59 : 7809 steps taken, and 35767 accepted.
[mcmc] Progress @ 2025-04-22 02:22:01 : 7953 steps taken, and 35791 accepted.
[mcmc] Progress @ 2025-04-22 02:23:03 : 8117 steps taken, and 35820 accepted.
[mcmc] Learn + convergence test @ 35840 samples accepted.
[mcmc]  - Acceptance rate: 0.809
[mcmc]  - Convergence of means: R-1 = 0.040862 after 28672 accepted steps
[mcmc]  - Updated covariance matrix of proposal pdf.
[mcmc] Progress @ 2025-04-22 02:24:05 : 8294 steps taken, and 35851 accepted.
[mcmc] Progress @ 2025-04-22 02:25:06 : 8438 steps taken, and 35875 accepted.
[mcmc] Progress @ 2025-04-22 02:26:06 : 8564 steps taken, and 35896 accepted.
 Warning: xe at redshift zero is < 1
 Check input parameters an Reionization_xe
 function in the Reionization module
[mcmc] Progress @ 2025-04-22 02:27:08 : 8725 steps taken, and 35922 accepted.
[mcmc] Progress @ 2025-04-22 02:28:10 : 8860 steps taken, and 35945 accepted.
[mcmc] Progress @ 2025-04-22 02:29:12 : 9083 steps taken, and 35981 accepted.
[mcmc] Progress @ 2025-04-22 02:30:12 : 9251 steps taken, and 36002 accepted.
[mcmc] Progress @ 2025-04-22 02:31:14 : 9411 steps taken, and 36029 accepted.
 Warning: xe at redshift zero is < 1
 Check input parameters an Reionization_xe
 function in the Reionization module
[mcmc] Progress @ 2025-04-22 02:32:15 : 9570 steps taken, and 36060 accepted.
[mcmc] Progress @ 2025-04-22 02:33:18 : 9794 steps taken, and 36087 accepted.
[mcmc] Progress @ 2025-04-22 02:34:21 : 10012 steps taken, and 36123 accepted.
[mcmc] Progress @ 2025-04-22 02:35:21 : 10142 steps taken, and 36144 accepted.
[mcmc] Learn + convergence test @ 36160 samples accepted.
[mcmc]  - Acceptance rate: 0.809
[mcmc]  - Convergence of means: R-1 = 0.034429 after 28928 accepted steps
[mcmc]  - Updated covariance matrix of proposal pdf.
[mcmc] Progress @ 2025-04-22 02:36:21 : 10302 steps taken, and 36170 accepted.
[mcmc] Progress @ 2025-04-22 02:37:21 : 10427 steps taken, and 36191 accepted.
[mcmc] Progress @ 2025-04-22 02:38:22 : 10574 steps taken, and 36214 accepted.
[mcmc] Progress @ 2025-04-22 02:39:25 : 10721 steps taken, and 36238 accepted.
[mcmc] Progress @ 2025-04-22 02:40:25 : 10883 steps taken, and 36261 accepted.
[mcmc] Progress @ 2025-04-22 02:41:26 : 11013 steps taken, and 36283 accepted.
[mcmc] Progress @ 2025-04-22 02:42:27 : 11135 steps taken, and 36301 accepted.
[mcmc] Progress @ 2025-04-22 02:43:30 : 11288 steps taken, and 36328 accepted.
 Warning: xe at redshift zero is < 1
 Check input parameters an Reionization_xe
 function in the Reionization module
[mcmc] Progress @ 2025-04-22 02:44:30 : 11438 steps taken, and 36350 accepted.
[mcmc] Progress @ 2025-04-22 02:45:33 : 11633 steps taken, and 36381 accepted.
[mcmc] Progress @ 2025-04-22 02:46:35 : 11799 steps taken, and 36410 accepted.
[mcmc] Progress @ 2025-04-22 02:47:36 : 12027 steps taken, and 36448 accepted.
[mcmc] Progress @ 2025-04-22 02:48:37 : 12232 steps taken, and 36476 accepted.
[mcmc] Learn + convergence test @ 36480 samples accepted.
[mcmc]  - Acceptance rate: 0.808
[mcmc]  - Convergence of means: R-1 = 0.033014 after 29184 accepted steps
[mcmc]  - Updated covariance matrix of proposal pdf.
[mcmc] Progress @ 2025-04-22 02:49:37 : 12368 steps taken, and 36501 accepted.
[mcmc] Progress @ 2025-04-22 02:50:37 : 12494 steps taken, and 36520 accepted.
 Warning: xe at redshift zero is < 1
 Check input parameters an Reionization_xe
 function in the Reionization module
[mcmc] Progress @ 2025-04-22 02:51:38 : 12643 steps taken, and 36545 accepted.
[mcmc] Progress @ 2025-04-22 02:52:39 : 12773 steps taken, and 36567 accepted.
[mcmc] Progress @ 2025-04-22 02:53:41 : 12976 steps taken, and 36602 accepted.
 Warning: xe at redshift zero is < 1
 Check input parameters an Reionization_xe
 function in the Reionization module
[mcmc] Progress @ 2025-04-22 02:54:43 : 13137 steps taken, and 36628 accepted.
[mcmc] Progress @ 2025-04-22 02:55:45 : 13298 steps taken, and 36655 accepted.
[mcmc] Progress @ 2025-04-22 02:56:47 : 13448 steps taken, and 36681 accepted.
[mcmc] Progress @ 2025-04-22 02:57:48 : 13589 steps taken, and 36703 accepted.
[mcmc] Progress @ 2025-04-22 02:58:52 : 13741 steps taken, and 36726 accepted.
[mcmc] Progress @ 2025-04-22 02:59:53 : 13900 steps taken, and 36753 accepted.
[mcmc] Progress @ 2025-04-22 03:00:56 : 14078 steps taken, and 36784 accepted.
[mcmc] Learn + convergence test @ 36800 samples accepted.
[mcmc]  - Acceptance rate: 0.809
[mcmc]  - Convergence of means: R-1 = 0.033336 after 29440 accepted steps
[mcmc]  - Updated covariance matrix of proposal pdf.
[mcmc] Progress @ 2025-04-22 03:01:57 : 14317 steps taken, and 36819 accepted.
[mcmc] Progress @ 2025-04-22 03:02:59 : 14458 steps taken, and 36844 accepted.
[mcmc] Progress @ 2025-04-22 03:03:59 : 14565 steps taken, and 36862 accepted.
[mcmc] Progress @ 2025-04-22 03:05:00 : 14731 steps taken, and 36889 accepted.
[mcmc] Progress @ 2025-04-22 03:06:04 : 14908 steps taken, and 36921 accepted.
[mcmc] Progress @ 2025-04-22 03:07:08 : 15070 steps taken, and 36949 accepted.
[mcmc] Progress @ 2025-04-22 03:08:10 : 15193 steps taken, and 36968 accepted.
[mcmc] Progress @ 2025-04-22 03:09:12 : 15431 steps taken, and 37006 accepted.
[mcmc] Progress @ 2025-04-22 03:10:12 : 15566 steps taken, and 37027 accepted.
[mcmc] Progress @ 2025-04-22 03:11:15 : 15751 steps taken, and 37056 accepted.
[mcmc] Progress @ 2025-04-22 03:12:16 : 15929 steps taken, and 37079 accepted.
[mcmc] Progress @ 2025-04-22 03:13:17 : 16103 steps taken, and 37106 accepted.
[mcmc] Learn + convergence test @ 37120 samples accepted.
[mcmc]  - Acceptance rate: 0.809
[mcmc]  - Convergence of means: R-1 = 0.039210 after 29696 accepted steps
[mcmc]  - Updated covariance matrix of proposal pdf.
[mcmc] Progress @ 2025-04-22 03:14:17 : 16242 steps taken, and 37133 accepted.
[mcmc] Progress @ 2025-04-22 03:15:17 : 16371 steps taken, and 37155 accepted.
[mcmc] Progress @ 2025-04-22 03:16:17 : 16480 steps taken, and 37176 accepted.
[mcmc] Progress @ 2025-04-22 03:17:18 : 16650 steps taken, and 37203 accepted.
 Warning: xe at redshift zero is < 1
 Check input parameters an Reionization_xe
 function in the Reionization module
[mcmc] Progress @ 2025-04-22 03:18:19 : 16809 steps taken, and 37229 accepted.
[mcmc] Progress @ 2025-04-22 03:19:22 : 16948 steps taken, and 37251 accepted.
[mcmc] Progress @ 2025-04-22 03:20:23 : 17121 steps taken, and 37276 accepted.
[mcmc] Progress @ 2025-04-22 03:21:24 : 17240 steps taken, and 37296 accepted.
[mcmc] Progress @ 2025-04-22 03:22:26 : 17373 steps taken, and 37318 accepted.
[mcmc] Progress @ 2025-04-22 03:23:30 : 17533 steps taken, and 37346 accepted.
[mcmc] Progress @ 2025-04-22 03:24:31 : 17731 steps taken, and 37380 accepted.
[mcmc] Progress @ 2025-04-22 03:25:34 : 17861 steps taken, and 37403 accepted.
[mcmc] Progress @ 2025-04-22 03:26:38 : 18044 steps taken, and 37435 accepted.
[mcmc] Learn + convergence test @ 37440 samples accepted.
[mcmc]  - Acceptance rate: 0.809
[mcmc]  - Convergence of means: R-1 = 0.043746 after 29952 accepted steps
[mcmc]  - Updated covariance matrix of proposal pdf.
[mcmc] Progress @ 2025-04-22 03:27:41 : 18178 steps taken, and 37457 accepted.
[mcmc] Progress @ 2025-04-22 03:28:44 : 18427 steps taken, and 37491 accepted.
[mcmc] Progress @ 2025-04-22 03:29:45 : 18551 steps taken, and 37511 accepted.
[mcmc] Progress @ 2025-04-22 03:30:45 : 18710 steps taken, and 37536 accepted.
[mcmc] Progress @ 2025-04-22 03:31:46 : 18853 steps taken, and 37557 accepted.
[mcmc] Progress @ 2025-04-22 03:32:47 : 19019 steps taken, and 37586 accepted.
[mcmc] Progress @ 2025-04-22 03:33:49 : 19264 steps taken, and 37629 accepted.
[mcmc] Progress @ 2025-04-22 03:34:51 : 19484 steps taken, and 37662 accepted.
[mcmc] Progress @ 2025-04-22 03:35:51 : 19679 steps taken, and 37694 accepted.
[mcmc] Progress @ 2025-04-22 03:36:51 : 19847 steps taken, and 37720 accepted.
 Warning: xe at redshift zero is < 1
 Check input parameters an Reionization_xe
 function in the Reionization module
[mcmc] Progress @ 2025-04-22 03:37:53 : 20076 steps taken, and 37754 accepted.
[mcmc] Learn + convergence test @ 37760 samples accepted.
[mcmc]  - Acceptance rate: 0.809
[mcmc]  - Convergence of means: R-1 = 0.042327 after 30208 accepted steps
[mcmc]  - Updated covariance matrix of proposal pdf.
[mcmc] Progress @ 2025-04-22 03:38:54 : 20215 steps taken, and 37778 accepted.
[mcmc] Progress @ 2025-04-22 03:39:56 : 20465 steps taken, and 37819 accepted.
 Warning: xe at redshift zero is < 1
 Check input parameters an Reionization_xe
 function in the Reionization module
[mcmc] Progress @ 2025-04-22 03:40:58 : 20648 steps taken, and 37851 accepted.
[mcmc] Progress @ 2025-04-22 03:42:01 : 20812 steps taken, and 37878 accepted.
[mcmc] Progress @ 2025-04-22 03:43:01 : 20937 steps taken, and 37900 accepted.
[mcmc] Progress @ 2025-04-22 03:44:01 : 21066 steps taken, and 37926 accepted.
[mcmc] Progress @ 2025-04-22 03:45:02 : 21204 steps taken, and 37947 accepted.
 Warning: xe at redshift zero is < 1
 Check input parameters an Reionization_xe
 function in the Reionization module
[mcmc] Progress @ 2025-04-22 03:46:03 : 21367 steps taken, and 37975 accepted.
[mcmc] Progress @ 2025-04-22 03:47:05 : 21501 steps taken, and 37995 accepted.
[mcmc] Progress @ 2025-04-22 03:48:08 : 21668 steps taken, and 38016 accepted.
 Warning: xe at redshift zero is < 1
 Check input parameters an Reionization_xe
 function in the Reionization module
[mcmc] Progress @ 2025-04-22 03:49:10 : 21817 steps taken, and 38042 accepted.
[mcmc] Progress @ 2025-04-22 03:50:13 : 22029 steps taken, and 38079 accepted.
[mcmc] Learn + convergence test @ 38080 samples accepted.
[mcmc]  - Acceptance rate: 0.809
[mcmc]  - Convergence of means: R-1 = 0.039753 after 30464 accepted steps
[mcmc]  - Updated covariance matrix of proposal pdf.
[mcmc] Progress @ 2025-04-22 03:51:13 : 22148 steps taken, and 38100 accepted.
 Warning: xe at redshift zero is < 1
 Check input parameters an Reionization_xe
 function in the Reionization module
[mcmc] Progress @ 2025-04-22 03:52:16 : 22288 steps taken, and 38122 accepted.
 Warning: xe at redshift zero is < 1
 Check input parameters an Reionization_xe
 function in the Reionization module
[mcmc] Progress @ 2025-04-22 03:53:18 : 22467 steps taken, and 38152 accepted.
[mcmc] Progress @ 2025-04-22 03:54:19 : 22605 steps taken, and 38175 accepted.
[mcmc] Progress @ 2025-04-22 03:55:19 : 22762 steps taken, and 38199 accepted.
[mcmc] Progress @ 2025-04-22 03:56:21 : 22927 steps taken, and 38230 accepted.
 Warning: xe at redshift zero is < 1
 Check input parameters an Reionization_xe
 function in the Reionization module
[mcmc] Progress @ 2025-04-22 03:57:21 : 23100 steps taken, and 38259 accepted.
[mcmc] Progress @ 2025-04-22 03:58:22 : 23298 steps taken, and 38290 accepted.
[mcmc] Progress @ 2025-04-22 03:59:23 : 23402 steps taken, and 38308 accepted.
[mcmc] Progress @ 2025-04-22 04:00:23 : 23550 steps taken, and 38334 accepted.
[mcmc] Progress @ 2025-04-22 04:01:26 : 23743 steps taken, and 38364 accepted.
[mcmc] Progress @ 2025-04-22 04:02:26 : 23876 steps taken, and 38390 accepted.
[mcmc] Learn + convergence test @ 38400 samples accepted.
[mcmc]  - Acceptance rate: 0.809
[mcmc]  - Convergence of means: R-1 = 0.037470 after 30720 accepted steps
[mcmc]  - Updated covariance matrix of proposal pdf.
[mcmc] Progress @ 2025-04-22 04:03:29 : 24017 steps taken, and 38413 accepted.
[mcmc] Progress @ 2025-04-22 04:04:30 : 24127 steps taken, and 38429 accepted.
[mcmc] Progress @ 2025-04-22 04:05:32 : 24323 steps taken, and 38464 accepted.
[mcmc] Progress @ 2025-04-22 04:06:34 : 24426 steps taken, and 38483 accepted.
[mcmc] Progress @ 2025-04-22 04:07:36 : 24570 steps taken, and 38505 accepted.
[mcmc] Progress @ 2025-04-22 04:08:39 : 24701 steps taken, and 38524 accepted.
[mcmc] Progress @ 2025-04-22 04:09:41 : 24949 steps taken, and 38563 accepted.
[mcmc] Progress @ 2025-04-22 04:10:42 : 25091 steps taken, and 38590 accepted.
[mcmc] Progress @ 2025-04-22 04:11:45 : 25302 steps taken, and 38622 accepted.
[mcmc] Progress @ 2025-04-22 04:12:47 : 25454 steps taken, and 38644 accepted.
[mcmc] Progress @ 2025-04-22 04:13:47 : 25587 steps taken, and 38668 accepted.
[mcmc] Progress @ 2025-04-22 04:14:47 : 25712 steps taken, and 38690 accepted.
[mcmc] Progress @ 2025-04-22 04:15:51 : 25850 steps taken, and 38713 accepted.
[mcmc] Learn + convergence test @ 38720 samples accepted.
[mcmc]  - Acceptance rate: 0.810
[mcmc]  - Convergence of means: R-1 = 0.037455 after 30976 accepted steps
[mcmc]  - Updated covariance matrix of proposal pdf.
[mcmc] Progress @ 2025-04-22 04:16:52 : 26001 steps taken, and 38738 accepted.
[mcmc] Progress @ 2025-04-22 04:17:52 : 26129 steps taken, and 38760 accepted.
[mcmc] Progress @ 2025-04-22 04:18:54 : 26303 steps taken, and 38789 accepted.
[mcmc] Progress @ 2025-04-22 04:19:55 : 26453 steps taken, and 38813 accepted.
 Warning: xe at redshift zero is < 1
 Check input parameters an Reionization_xe
 function in the Reionization module
[mcmc] Progress @ 2025-04-22 04:20:58 : 26616 steps taken, and 38842 accepted.
[mcmc] Progress @ 2025-04-22 04:21:59 : 26761 steps taken, and 38866 accepted.
 Warning: xe at redshift zero is < 1
 Check input parameters an Reionization_xe
 function in the Reionization module
 Warning: xe at redshift zero is < 1
 Check input parameters an Reionization_xe
 function in the Reionization module
[mcmc] Progress @ 2025-04-22 04:23:00 : 26950 steps taken, and 38897 accepted.
[mcmc] Progress @ 2025-04-22 04:24:04 : 27127 steps taken, and 38925 accepted.
[mcmc] Progress @ 2025-04-22 04:25:05 : 27298 steps taken, and 38951 accepted.
 Warning: xe at redshift zero is < 1
 Check input parameters an Reionization_xe
 function in the Reionization module
 Warning: xe at redshift zero is < 1
 Check input parameters an Reionization_xe
 function in the Reionization module
[mcmc] Progress @ 2025-04-22 04:26:06 : 27541 steps taken, and 38995 accepted.
[mcmc] Progress @ 2025-04-22 04:27:08 : 27648 steps taken, and 39013 accepted.
[mcmc] Progress @ 2025-04-22 04:28:10 : 27783 steps taken, and 39037 accepted.
[mcmc] Learn + convergence test @ 39040 samples accepted.
[mcmc]  - Acceptance rate: 0.810
[mcmc]  - Convergence of means: R-1 = 0.037236 after 31232 accepted steps
[mcmc]  - Updated covariance matrix of proposal pdf.
[mcmc] Progress @ 2025-04-22 04:29:10 : 27962 steps taken, and 39063 accepted.
[mcmc] Progress @ 2025-04-22 04:30:13 : 28201 steps taken, and 39107 accepted.
[mcmc] Progress @ 2025-04-22 04:31:15 : 28381 steps taken, and 39137 accepted.
[mcmc] Progress @ 2025-04-22 04:32:19 : 28537 steps taken, and 39163 accepted.
[mcmc] Progress @ 2025-04-22 04:33:21 : 28682 steps taken, and 39185 accepted.
[mcmc] Progress @ 2025-04-22 04:34:25 : 28845 steps taken, and 39211 accepted.
 Warning: xe at redshift zero is < 1
 Check input parameters an Reionization_xe
 function in the Reionization module
[mcmc] Progress @ 2025-04-22 04:35:25 : 29011 steps taken, and 39240 accepted.
[mcmc] Progress @ 2025-04-22 04:36:28 : 29138 steps taken, and 39260 accepted.
[mcmc] Progress @ 2025-04-22 04:37:28 : 29270 steps taken, and 39281 accepted.
[mcmc] Progress @ 2025-04-22 04:38:30 : 29418 steps taken, and 39307 accepted.
[mcmc] Progress @ 2025-04-22 04:39:31 : 29640 steps taken, and 39344 accepted.
[mcmc] Learn + convergence test @ 39360 samples accepted.
[mcmc]  - Acceptance rate: 0.810
[mcmc]  - Convergence of means: R-1 = 0.033448 after 31488 accepted steps
[mcmc]  - Updated covariance matrix of proposal pdf.
[mcmc] Progress @ 2025-04-22 04:40:32 : 29808 steps taken, and 39373 accepted.
[mcmc] Progress @ 2025-04-22 04:41:33 : 30037 steps taken, and 39411 accepted.
[mcmc] Progress @ 2025-04-22 04:42:34 : 30192 steps taken, and 39438 accepted.
[mcmc] Progress @ 2025-04-22 04:43:35 : 30299 steps taken, and 39453 accepted.
 Warning: xe at redshift zero is < 1
 Check input parameters an Reionization_xe
 function in the Reionization module
[mcmc] Progress @ 2025-04-22 04:44:37 : 30467 steps taken, and 39479 accepted.
[mcmc] Progress @ 2025-04-22 04:45:38 : 30662 steps taken, and 39508 accepted.
[mcmc] Progress @ 2025-04-22 04:46:41 : 30810 steps taken, and 39533 accepted.
[mcmc] Progress @ 2025-04-22 04:47:41 : 30909 steps taken, and 39549 accepted.
[mcmc] Progress @ 2025-04-22 04:48:43 : 31049 steps taken, and 39576 accepted.
[mcmc] Progress @ 2025-04-22 04:49:44 : 31287 steps taken, and 39612 accepted.
[mcmc] Progress @ 2025-04-22 04:50:48 : 31492 steps taken, and 39645 accepted.
[mcmc] Progress @ 2025-04-22 04:51:49 : 31627 steps taken, and 39667 accepted.
[mcmc] Learn + convergence test @ 39680 samples accepted.
[mcmc]  - Acceptance rate: 0.810
[mcmc]  - Convergence of means: R-1 = 0.030426 after 31744 accepted steps
[mcmc]  - Updated covariance matrix of proposal pdf.
[mcmc] Progress @ 2025-04-22 04:52:52 : 31816 steps taken, and 39698 accepted.
[mcmc] Progress @ 2025-04-22 04:53:55 : 31987 steps taken, and 39727 accepted.
[mcmc] Progress @ 2025-04-22 04:54:58 : 32154 steps taken, and 39754 accepted.
[mcmc] Progress @ 2025-04-22 04:56:02 : 32266 steps taken, and 39773 accepted.
[mcmc] Progress @ 2025-04-22 04:57:04 : 32430 steps taken, and 39799 accepted.
[mcmc] Progress @ 2025-04-22 04:58:08 : 32592 steps taken, and 39825 accepted.
 Warning: xe at redshift zero is < 1
 Check input parameters an Reionization_xe
 function in the Reionization module
[mcmc] Progress @ 2025-04-22 04:59:11 : 32748 steps taken, and 39854 accepted.
[mcmc] Progress @ 2025-04-22 05:00:11 : 32891 steps taken, and 39880 accepted.
[mcmc] Progress @ 2025-04-22 05:01:13 : 33043 steps taken, and 39909 accepted.
[mcmc] Progress @ 2025-04-22 05:02:17 : 33224 steps taken, and 39945 accepted.
 Warning: xe at redshift zero is < 1
 Check input parameters an Reionization_xe
 function in the Reionization module
[mcmc] Progress @ 2025-04-22 05:03:20 : 33383 steps taken, and 39969 accepted.
[mcmc] Learn + convergence test @ 40000 samples accepted.
[mcmc]  - Acceptance rate: 0.811
[mcmc]  - Convergence of means: R-1 = 0.033253 after 32000 accepted steps
[mcmc]  - Updated covariance matrix of proposal pdf.
[mcmc] Progress @ 2025-04-22 05:04:23 : 33567 steps taken, and 40002 accepted.
[mcmc] Progress @ 2025-04-22 05:05:24 : 33672 steps taken, and 40020 accepted.
[mcmc] Progress @ 2025-04-22 05:06:25 : 33862 steps taken, and 40051 accepted.
[mcmc] Progress @ 2025-04-22 05:07:25 : 33979 steps taken, and 40070 accepted.
[mcmc] Progress @ 2025-04-22 05:08:26 : 34205 steps taken, and 40106 accepted.
 Warning: xe at redshift zero is < 1
 Check input parameters an Reionization_xe
 function in the Reionization module
 Warning: xe at redshift zero is < 1
 Check input parameters an Reionization_xe
 function in the Reionization module
[mcmc] Progress @ 2025-04-22 05:09:27 : 34384 steps taken, and 40131 accepted.
 Warning: xe at redshift zero is < 1
 Check input parameters an Reionization_xe
 function in the Reionization module
[mcmc] Progress @ 2025-04-22 05:10:29 : 34518 steps taken, and 40150 accepted.
[mcmc] Progress @ 2025-04-22 05:11:31 : 34654 steps taken, and 40176 accepted.
[mcmc] Progress @ 2025-04-22 05:12:34 : 34828 steps taken, and 40204 accepted.
[mcmc] Progress @ 2025-04-22 05:13:37 : 34989 steps taken, and 40232 accepted.
[mcmc] Progress @ 2025-04-22 05:14:38 : 35162 steps taken, and 40256 accepted.
[mcmc] Progress @ 2025-04-22 05:15:39 : 35314 steps taken, and 40283 accepted.
[mcmc] Progress @ 2025-04-22 05:16:39 : 35437 steps taken, and 40299 accepted.
[mcmc] Learn + convergence test @ 40320 samples accepted.
[mcmc]  - Acceptance rate: 0.811
[mcmc]  - Convergence of means: R-1 = 0.027921 after 32256 accepted steps
[mcmc]  - Updated covariance matrix of proposal pdf.
[mcmc] Progress @ 2025-04-22 05:17:42 : 35609 steps taken, and 40325 accepted.
[mcmc] Progress @ 2025-04-22 05:18:42 : 35875 steps taken, and 40370 accepted.
[mcmc] Progress @ 2025-04-22 05:19:44 : 36037 steps taken, and 40397 accepted.
[mcmc] Progress @ 2025-04-22 05:20:47 : 36180 steps taken, and 40421 accepted.
[mcmc] Progress @ 2025-04-22 05:21:47 : 36302 steps taken, and 40445 accepted.
[mcmc] Progress @ 2025-04-22 05:22:47 : 36447 steps taken, and 40469 accepted.
[mcmc] Progress @ 2025-04-22 05:23:47 : 36602 steps taken, and 40494 accepted.
[mcmc] Progress @ 2025-04-22 05:24:49 : 36774 steps taken, and 40519 accepted.
[mcmc] Progress @ 2025-04-22 05:25:49 : 36908 steps taken, and 40541 accepted.
[mcmc] Progress @ 2025-04-22 05:26:51 : 37062 steps taken, and 40570 accepted.
[mcmc] Progress @ 2025-04-22 05:27:52 : 37219 steps taken, and 40598 accepted.
[mcmc] Progress @ 2025-04-22 05:28:54 : 37421 steps taken, and 40633 accepted.
[mcmc] Learn + convergence test @ 40640 samples accepted.
[mcmc]  - Acceptance rate: 0.811
[mcmc]  - Convergence of means: R-1 = 0.022790 after 32512 accepted steps
[mcmc]  - Updated covariance matrix of proposal pdf.
[mcmc] Progress @ 2025-04-22 05:29:56 : 37602 steps taken, and 40661 accepted.
[mcmc] Progress @ 2025-04-22 05:30:58 : 37733 steps taken, and 40680 accepted.
[mcmc] Progress @ 2025-04-22 05:32:02 : 37914 steps taken, and 40711 accepted.
 Warning: xe at redshift zero is < 1
 Check input parameters an Reionization_xe
 function in the Reionization module
[mcmc] Progress @ 2025-04-22 05:33:04 : 38040 steps taken, and 40732 accepted.
[mcmc] Progress @ 2025-04-22 05:34:05 : 38228 steps taken, and 40762 accepted.
[mcmc] Progress @ 2025-04-22 05:35:08 : 38409 steps taken, and 40793 accepted.
[mcmc] Progress @ 2025-04-22 05:36:08 : 38526 steps taken, and 40813 accepted.
[mcmc] Progress @ 2025-04-22 05:37:09 : 38637 steps taken, and 40831 accepted.
[mcmc] Progress @ 2025-04-22 05:38:11 : 38762 steps taken, and 40847 accepted.
[mcmc] Progress @ 2025-04-22 05:39:13 : 38945 steps taken, and 40879 accepted.
[mcmc] Progress @ 2025-04-22 05:40:14 : 39097 steps taken, and 40902 accepted.
[mcmc] Progress @ 2025-04-22 05:41:18 : 39299 steps taken, and 40933 accepted.
[mcmc] Learn + convergence test @ 40960 samples accepted.
[mcmc]  - Acceptance rate: 0.811
[mcmc]  - Convergence of means: R-1 = 0.020759 after 32768 accepted steps
[mcmc]  - Updated covariance matrix of proposal pdf.
[mcmc] Progress @ 2025-04-22 05:42:21 : 39485 steps taken, and 40964 accepted.
 Warning: xe at redshift zero is < 1
 Check input parameters an Reionization_xe
 function in the Reionization module
 Warning: xe at redshift zero is < 1
 Check input parameters an Reionization_xe
 function in the Reionization module
[mcmc] Progress @ 2025-04-22 05:43:24 : 39625 steps taken, and 40989 accepted.
[mcmc] Progress @ 2025-04-22 05:44:26 : 39808 steps taken, and 41020 accepted.
[mcmc] Progress @ 2025-04-22 05:45:26 : 39944 steps taken, and 41042 accepted.
[mcmc] Progress @ 2025-04-22 05:46:29 : 40153 steps taken, and 41080 accepted.
[mcmc] Progress @ 2025-04-22 05:47:31 : 40296 steps taken, and 41106 accepted.
[mcmc] Progress @ 2025-04-22 05:48:31 : 40437 steps taken, and 41132 accepted.
[mcmc] Progress @ 2025-04-22 05:49:34 : 40597 steps taken, and 41160 accepted.
[mcmc] Progress @ 2025-04-22 05:50:35 : 40718 steps taken, and 41178 accepted.
[mcmc] Progress @ 2025-04-22 05:51:36 : 40846 steps taken, and 41199 accepted.
[mcmc] Progress @ 2025-04-22 05:52:38 : 41041 steps taken, and 41225 accepted.
[mcmc] Progress @ 2025-04-22 05:53:40 : 41155 steps taken, and 41246 accepted.
[mcmc] Progress @ 2025-04-22 05:54:40 : 41291 steps taken, and 41268 accepted.
[mcmc] Learn + convergence test @ 41280 samples accepted.
[mcmc]  - Acceptance rate: 0.812
[mcmc]  - Convergence of means: R-1 = 0.019618 after 33024 accepted steps
[mcmc]  - Updated covariance matrix of proposal pdf.
[mcmc] Progress @ 2025-04-22 05:55:41 : 41424 steps taken, and 41290 accepted.
[mcmc] Progress @ 2025-04-22 05:56:43 : 41569 steps taken, and 41317 accepted.
[mcmc] Progress @ 2025-04-22 05:57:46 : 41761 steps taken, and 41348 accepted.
[mcmc] Progress @ 2025-04-22 05:58:47 : 42023 steps taken, and 41386 accepted.
[mcmc] Progress @ 2025-04-22 05:59:50 : 42184 steps taken, and 41414 accepted.
[mcmc] Progress @ 2025-04-22 06:00:52 : 42418 steps taken, and 41450 accepted.
[mcmc] Progress @ 2025-04-22 06:01:53 : 42562 steps taken, and 41475 accepted.
[mcmc] Progress @ 2025-04-22 06:02:55 : 42736 steps taken, and 41504 accepted.
[mcmc] Progress @ 2025-04-22 06:03:55 : 42869 steps taken, and 41525 accepted.
[mcmc] Progress @ 2025-04-22 06:04:58 : 43062 steps taken, and 41558 accepted.
 Warning: xe at redshift zero is < 1
 Check input parameters an Reionization_xe
 function in the Reionization module
[mcmc] Progress @ 2025-04-22 06:05:59 : 43207 steps taken, and 41584 accepted.
[mcmc] Learn + convergence test @ 41600 samples accepted.
[mcmc]  - Acceptance rate: 0.812
[mcmc]  - Convergence of means: R-1 = 0.025588 after 33280 accepted steps
[mcmc]  - Updated covariance matrix of proposal pdf.
[mcmc] Progress @ 2025-04-22 06:06:59 : 43331 steps taken, and 41605 accepted.
[mcmc] Progress @ 2025-04-22 06:08:00 : 43464 steps taken, and 41628 accepted.
[mcmc] Progress @ 2025-04-22 06:09:01 : 43658 steps taken, and 41659 accepted.
[mcmc] Progress @ 2025-04-22 06:10:02 : 43802 steps taken, and 41682 accepted.
[mcmc] Progress @ 2025-04-22 06:11:05 : 44058 steps taken, and 41721 accepted.
 Warning: xe at redshift zero is < 1
 Check input parameters an Reionization_xe
 function in the Reionization module
[mcmc] Progress @ 2025-04-22 06:12:08 : 44240 steps taken, and 41750 accepted.
[mcmc] Progress @ 2025-04-22 06:13:08 : 44376 steps taken, and 41769 accepted.
 Warning: xe at redshift zero is < 1
 Check input parameters an Reionization_xe
 function in the Reionization module
[mcmc] Progress @ 2025-04-22 06:14:11 : 44615 steps taken, and 41811 accepted.
[mcmc] Progress @ 2025-04-22 06:15:15 : 44820 steps taken, and 41845 accepted.
[mcmc] Progress @ 2025-04-22 06:16:18 : 45002 steps taken, and 41874 accepted.
[mcmc] Progress @ 2025-04-22 06:17:21 : 45173 steps taken, and 41903 accepted.
[mcmc] Learn + convergence test @ 41920 samples accepted.
[mcmc]  - Acceptance rate: 0.812
[mcmc]  - Convergence of means: R-1 = 0.023568 after 33536 accepted steps
[mcmc]  - Updated covariance matrix of proposal pdf.
[mcmc] Progress @ 2025-04-22 06:18:23 : 45334 steps taken, and 41933 accepted.
[mcmc] Progress @ 2025-04-22 06:19:26 : 45461 steps taken, and 41952 accepted.
[mcmc] Progress @ 2025-04-22 06:20:27 : 45626 steps taken, and 41980 accepted.
[mcmc] Progress @ 2025-04-22 06:21:27 : 45761 steps taken, and 42002 accepted.
[mcmc] Progress @ 2025-04-22 06:22:31 : 45896 steps taken, and 42022 accepted.
[mcmc] Progress @ 2025-04-22 06:23:31 : 46160 steps taken, and 42060 accepted.
[mcmc] Progress @ 2025-04-22 06:24:35 : 46349 steps taken, and 42090 accepted.
[mcmc] Progress @ 2025-04-22 06:25:37 : 46559 steps taken, and 42118 accepted.
 Warning: xe at redshift zero is < 1
 Check input parameters an Reionization_xe
 function in the Reionization module
[mcmc] Progress @ 2025-04-22 06:26:39 : 46730 steps taken, and 42143 accepted.
[mcmc] Progress @ 2025-04-22 06:27:39 : 46945 steps taken, and 42171 accepted.
 Warning: xe at redshift zero is < 1
 Check input parameters an Reionization_xe
 function in the Reionization module
[mcmc] Progress @ 2025-04-22 06:28:40 : 47231 steps taken, and 42223 accepted.
[mcmc] Learn + convergence test @ 42240 samples accepted.
[mcmc]  - Acceptance rate: 0.812
[mcmc]  - Convergence of means: R-1 = 0.025349 after 33792 accepted steps
[mcmc]  - Updated covariance matrix of proposal pdf.
[mcmc] Progress @ 2025-04-22 06:29:41 : 47384 steps taken, and 42249 accepted.
[mcmc] Progress @ 2025-04-22 06:30:41 : 47545 steps taken, and 42274 accepted.
[mcmc] Progress @ 2025-04-22 06:31:42 : 47735 steps taken, and 42307 accepted.
[mcmc] Progress @ 2025-04-22 06:32:43 : 47915 steps taken, and 42338 accepted.
[mcmc] Progress @ 2025-04-22 06:33:43 : 48067 steps taken, and 42359 accepted.
[mcmc] Progress @ 2025-04-22 06:34:44 : 48246 steps taken, and 42390 accepted.
[mcmc] Progress @ 2025-04-22 06:35:48 : 48421 steps taken, and 42420 accepted.
[mcmc] Progress @ 2025-04-22 06:36:49 : 48568 steps taken, and 42447 accepted.
[mcmc] Progress @ 2025-04-22 06:37:51 : 48716 steps taken, and 42471 accepted.
[mcmc] Progress @ 2025-04-22 06:38:54 : 48867 steps taken, and 42496 accepted.
[mcmc] Progress @ 2025-04-22 06:39:54 : 49008 steps taken, and 42517 accepted.
[mcmc] Progress @ 2025-04-22 06:40:55 : 49141 steps taken, and 42541 accepted.
[mcmc] Progress @ 2025-04-22 06:41:57 : 49256 steps taken, and 42560 accepted.
[mcmc] Learn + convergence test @ 42560 samples accepted.
[mcmc]  - Acceptance rate: 0.812
[mcmc]  - Convergence of means: R-1 = 0.021780 after 34048 accepted steps
[mcmc]  - Updated covariance matrix of proposal pdf.
[mcmc] Progress @ 2025-04-22 06:42:59 : 49440 steps taken, and 42585 accepted.
[mcmc] Progress @ 2025-04-22 06:44:01 : 49623 steps taken, and 42621 accepted.
[mcmc] Progress @ 2025-04-22 06:45:02 : 49779 steps taken, and 42647 accepted.
[mcmc] Progress @ 2025-04-22 06:46:05 : 49912 steps taken, and 42667 accepted.
[mcmc] Progress @ 2025-04-22 06:47:05 : 50089 steps taken, and 42699 accepted.
[mcmc] Progress @ 2025-04-22 06:48:06 : 50248 steps taken, and 42727 accepted.
[mcmc] Progress @ 2025-04-22 06:49:07 : 50430 steps taken, and 42756 accepted.
[mcmc] Progress @ 2025-04-22 06:50:07 : 50558 steps taken, and 42778 accepted.
[mcmc] Progress @ 2025-04-22 06:51:11 : 50738 steps taken, and 42806 accepted.
[mcmc] Progress @ 2025-04-22 06:52:11 : 50873 steps taken, and 42826 accepted.
[mcmc] Progress @ 2025-04-22 06:53:11 : 51004 steps taken, and 42850 accepted.
[mcmc] Progress @ 2025-04-22 06:54:14 : 51139 steps taken, and 42872 accepted.
[mcmc] Learn + convergence test @ 42880 samples accepted.
[mcmc]  - Acceptance rate: 0.812
[mcmc]  - Convergence of means: R-1 = 0.018715 after 34304 accepted steps
[mcmc]  - Updated covariance matrix of proposal pdf.
[mcmc] Progress @ 2025-04-22 06:55:16 : 51297 steps taken, and 42900 accepted.
[mcmc] Progress @ 2025-04-22 06:56:17 : 51433 steps taken, and 42922 accepted.
[mcmc] Progress @ 2025-04-22 06:57:20 : 51565 steps taken, and 42945 accepted.
[mcmc] Progress @ 2025-04-22 06:58:22 : 51731 steps taken, and 42973 accepted.
[mcmc] Progress @ 2025-04-22 06:59:22 : 51911 steps taken, and 42998 accepted.
[mcmc] Progress @ 2025-04-22 07:00:23 : 52069 steps taken, and 43026 accepted.
[mcmc] Progress @ 2025-04-22 07:01:24 : 52200 steps taken, and 43051 accepted.
[mcmc] Progress @ 2025-04-22 07:02:27 : 52348 steps taken, and 43074 accepted.
[mcmc] Progress @ 2025-04-22 07:03:28 : 52472 steps taken, and 43096 accepted.
[mcmc] Progress @ 2025-04-22 07:04:32 : 52647 steps taken, and 43124 accepted.
[mcmc] Progress @ 2025-04-22 07:05:34 : 52800 steps taken, and 43150 accepted.
[mcmc] Progress @ 2025-04-22 07:06:36 : 52918 steps taken, and 43169 accepted.
[mcmc] Progress @ 2025-04-22 07:07:38 : 53049 steps taken, and 43193 accepted.
[mcmc] Learn + convergence test @ 43200 samples accepted.
[mcmc]  - Acceptance rate: 0.812
[mcmc]  - Convergence of means: R-1 = 0.014878 after 34560 accepted steps
[mcmc]  - Updated covariance matrix of proposal pdf.
[mcmc] Progress @ 2025-04-22 07:08:40 : 53198 steps taken, and 43220 accepted.
[mcmc] Progress @ 2025-04-22 07:09:43 : 53365 steps taken, and 43248 accepted.
[mcmc] Progress @ 2025-04-22 07:10:44 : 53550 steps taken, and 43276 accepted.
[mcmc] Progress @ 2025-04-22 07:11:48 : 53703 steps taken, and 43303 accepted.
[mcmc] Progress @ 2025-04-22 07:12:51 : 53895 steps taken, and 43336 accepted.
[mcmc] Progress @ 2025-04-22 07:13:55 : 54067 steps taken, and 43364 accepted.
[mcmc] Progress @ 2025-04-22 07:14:57 : 54238 steps taken, and 43393 accepted.
 Warning: xe at redshift zero is < 1
 Check input parameters an Reionization_xe
 function in the Reionization module
[mcmc] Progress @ 2025-04-22 07:15:59 : 54365 steps taken, and 43415 accepted.
[mcmc] Progress @ 2025-04-22 07:17:02 : 54600 steps taken, and 43456 accepted.
[mcmc] Progress @ 2025-04-22 07:18:02 : 54726 steps taken, and 43479 accepted.
 Warning: xe at redshift zero is < 1
 Check input parameters an Reionization_xe
 function in the Reionization module
[mcmc] Progress @ 2025-04-22 07:19:05 : 54902 steps taken, and 43507 accepted.
[mcmc] Learn + convergence test @ 43520 samples accepted.
[mcmc]  - Acceptance rate: 0.813
[mcmc]  - Convergence of means: R-1 = 0.013718 after 34816 accepted steps
[mcmc]  - Updated covariance matrix of proposal pdf.
 Warning: xe at redshift zero is < 1
 Check input parameters an Reionization_xe
 function in the Reionization module
[mcmc] Progress @ 2025-04-22 07:20:06 : 55030 steps taken, and 43532 accepted.
[mcmc] Progress @ 2025-04-22 07:21:06 : 55148 steps taken, and 43552 accepted.
[mcmc] Progress @ 2025-04-22 07:22:08 : 55306 steps taken, and 43579 accepted.
[mcmc] Progress @ 2025-04-22 07:23:10 : 55481 steps taken, and 43607 accepted.
[mcmc] Progress @ 2025-04-22 07:24:10 : 55604 steps taken, and 43625 accepted.
 Warning: xe at redshift zero is < 1
 Check input parameters an Reionization_xe
 function in the Reionization module
[mcmc] Progress @ 2025-04-22 07:25:13 : 55819 steps taken, and 43663 accepted.
[mcmc] Progress @ 2025-04-22 07:26:16 : 55963 steps taken, and 43684 accepted.
[mcmc] Progress @ 2025-04-22 07:27:16 : 56117 steps taken, and 43711 accepted.
[mcmc] Progress @ 2025-04-22 07:28:19 : 56286 steps taken, and 43739 accepted.
[mcmc] Progress @ 2025-04-22 07:29:20 : 56441 steps taken, and 43766 accepted.
[mcmc] Progress @ 2025-04-22 07:30:23 : 56651 steps taken, and 43801 accepted.
[mcmc] Progress @ 2025-04-22 07:31:25 : 56797 steps taken, and 43825 accepted.
[mcmc] Learn + convergence test @ 43840 samples accepted.
[mcmc]  - Acceptance rate: 0.813
[mcmc]  - Convergence of means: R-1 = 0.014393 after 35072 accepted steps
[mcmc]  - Updated covariance matrix of proposal pdf.
[mcmc] Progress @ 2025-04-22 07:32:26 : 56928 steps taken, and 43849 accepted.
 Warning: xe at redshift zero is < 1
 Check input parameters an Reionization_xe
 function in the Reionization module
[mcmc] Progress @ 2025-04-22 07:33:29 : 57099 steps taken, and 43878 accepted.
 Warning: xe at redshift zero is < 1
 Check input parameters an Reionization_xe
 function in the Reionization module
 Warning: xe at redshift zero is < 1
 Check input parameters an Reionization_xe
 function in the Reionization module
[mcmc] Progress @ 2025-04-22 07:34:31 : 57262 steps taken, and 43900 accepted.
 Warning: xe at redshift zero is < 1
 Check input parameters an Reionization_xe
 function in the Reionization module
[mcmc] Progress @ 2025-04-22 07:35:35 : 57502 steps taken, and 43938 accepted.
 Warning: xe at redshift zero is < 1
 Check input parameters an Reionization_xe
 function in the Reionization module
[mcmc] Progress @ 2025-04-22 07:36:38 : 57652 steps taken, and 43962 accepted.
 Warning: xe at redshift zero is < 1
 Check input parameters an Reionization_xe
 function in the Reionization module
 Warning: xe at redshift zero is < 1
 Check input parameters an Reionization_xe
 function in the Reionization module
[mcmc] Progress @ 2025-04-22 07:37:39 : 57844 steps taken, and 43988 accepted.
[mcmc] Progress @ 2025-04-22 07:38:39 : 57973 steps taken, and 44009 accepted.
[mcmc] Progress @ 2025-04-22 07:39:43 : 58198 steps taken, and 44042 accepted.
[mcmc] Progress @ 2025-04-22 07:40:47 : 58319 steps taken, and 44058 accepted.
 Warning: xe at redshift zero is < 1
 Check input parameters an Reionization_xe
 function in the Reionization module
[mcmc] Progress @ 2025-04-22 07:41:48 : 58477 steps taken, and 44086 accepted.
[mcmc] Progress @ 2025-04-22 07:42:51 : 58685 steps taken, and 44116 accepted.
[mcmc] Progress @ 2025-04-22 07:43:51 : 58832 steps taken, and 44140 accepted.
[mcmc] Learn + convergence test @ 44160 samples accepted.
[mcmc]  - Acceptance rate: 0.812
[mcmc]  - Convergence of means: R-1 = 0.013578 after 35328 accepted steps
[mcmc]  - Updated covariance matrix of proposal pdf.
[mcmc] Progress @ 2025-04-22 07:44:52 : 59050 steps taken, and 44177 accepted.
[mcmc] Progress @ 2025-04-22 07:45:52 : 59214 steps taken, and 44202 accepted.
[mcmc] Progress @ 2025-04-22 07:46:55 : 59333 steps taken, and 44222 accepted.
[mcmc] Progress @ 2025-04-22 07:47:56 : 59542 steps taken, and 44262 accepted.
 Warning: xe at redshift zero is < 1
 Check input parameters an Reionization_xe
 function in the Reionization module
[mcmc] Progress @ 2025-04-22 07:48:59 : 59687 steps taken, and 44288 accepted.
 Warning: xe at redshift zero is < 1
 Check input parameters an Reionization_xe
 function in the Reionization module
[mcmc] Progress @ 2025-04-22 07:50:02 : 59840 steps taken, and 44313 accepted.
[mcmc] Progress @ 2025-04-22 07:51:05 : 59977 steps taken, and 44332 accepted.
 Warning: xe at redshift zero is < 1
 Check input parameters an Reionization_xe
 function in the Reionization module
[mcmc] Progress @ 2025-04-22 07:52:06 : 60123 steps taken, and 44356 accepted.
[mcmc] Progress @ 2025-04-22 07:53:07 : 60330 steps taken, and 44392 accepted.
[mcmc] Progress @ 2025-04-22 07:54:07 : 60500 steps taken, and 44419 accepted.
[mcmc] Progress @ 2025-04-22 07:55:08 : 60649 steps taken, and 44444 accepted.
[mcmc] Progress @ 2025-04-22 07:56:11 : 60794 steps taken, and 44471 accepted.
[mcmc] Learn + convergence test @ 44480 samples accepted.
[mcmc]  - Acceptance rate: 0.813
[mcmc]  - Convergence of means: R-1 = 0.013652 after 35584 accepted steps
[mcmc]  - Updated covariance matrix of proposal pdf.
[mcmc] Progress @ 2025-04-22 07:57:12 : 60982 steps taken, and 44502 accepted.
[mcmc] Progress @ 2025-04-22 07:58:12 : 61149 steps taken, and 44533 accepted.
[mcmc] Progress @ 2025-04-22 07:59:14 : 61299 steps taken, and 44558 accepted.
[mcmc] Progress @ 2025-04-22 08:00:17 : 61450 steps taken, and 44584 accepted.
[mcmc] Progress @ 2025-04-22 08:01:20 : 61593 steps taken, and 44606 accepted.
[mcmc] Progress @ 2025-04-22 08:02:21 : 61721 steps taken, and 44630 accepted.
 Warning: xe at redshift zero is < 1
 Check input parameters an Reionization_xe
 function in the Reionization module
 Warning: xe at redshift zero is < 1
 Check input parameters an Reionization_xe
 function in the Reionization module
[mcmc] Progress @ 2025-04-22 08:03:25 : 61960 steps taken, and 44671 accepted.
[mcmc] Progress @ 2025-04-22 08:04:27 : 62130 steps taken, and 44700 accepted.
[mcmc] Progress @ 2025-04-22 08:05:28 : 62288 steps taken, and 44729 accepted.
[mcmc] Progress @ 2025-04-22 08:06:30 : 62474 steps taken, and 44758 accepted.
[mcmc] Progress @ 2025-04-22 08:07:32 : 62638 steps taken, and 44783 accepted.
[mcmc] Learn + convergence test @ 44800 samples accepted.
[mcmc]  - Acceptance rate: 0.813
[mcmc]  - Convergence of means: R-1 = 0.014978 after 35840 accepted steps
[mcmc]  - Updated covariance matrix of proposal pdf.
[mcmc] Progress @ 2025-04-22 08:08:36 : 62835 steps taken, and 44814 accepted.
[mcmc] Progress @ 2025-04-22 08:09:38 : 62982 steps taken, and 44836 accepted.
[mcmc] Progress @ 2025-04-22 08:10:38 : 63175 steps taken, and 44867 accepted.
[mcmc] Progress @ 2025-04-22 08:11:39 : 63296 steps taken, and 44890 accepted.
[mcmc] Progress @ 2025-04-22 08:12:40 : 63424 steps taken, and 44912 accepted.
[mcmc] Progress @ 2025-04-22 08:13:41 : 63548 steps taken, and 44932 accepted.
[mcmc] Progress @ 2025-04-22 08:14:44 : 63685 steps taken, and 44952 accepted.
[mcmc] Progress @ 2025-04-22 08:15:45 : 63812 steps taken, and 44975 accepted.
[mcmc] Progress @ 2025-04-22 08:16:46 : 63963 steps taken, and 44999 accepted.
[mcmc] Progress @ 2025-04-22 08:17:48 : 64086 steps taken, and 45018 accepted.
[mcmc] Progress @ 2025-04-22 08:18:49 : 64234 steps taken, and 45043 accepted.
[mcmc] Progress @ 2025-04-22 08:19:51 : 64378 steps taken, and 45065 accepted.
[mcmc] Progress @ 2025-04-22 08:20:54 : 64501 steps taken, and 45086 accepted.
[mcmc] Progress @ 2025-04-22 08:21:55 : 64661 steps taken, and 45112 accepted.
[mcmc] Learn + convergence test @ 45120 samples accepted.
[mcmc]  - Acceptance rate: 0.813
[mcmc]  - Convergence of means: R-1 = 0.016537 after 36096 accepted steps
[mcmc]  - Updated covariance matrix of proposal pdf.
[mcmc] Progress @ 2025-04-22 08:22:58 : 64811 steps taken, and 45133 accepted.
[mcmc] Progress @ 2025-04-22 08:23:59 : 64942 steps taken, and 45155 accepted.
[mcmc] Progress @ 2025-04-22 08:25:01 : 65125 steps taken, and 45181 accepted.
 Warning: xe at redshift zero is < 1
 Check input parameters an Reionization_xe
 function in the Reionization module
[mcmc] Progress @ 2025-04-22 08:26:03 : 65348 steps taken, and 45217 accepted.
[mcmc] Progress @ 2025-04-22 08:27:03 : 65509 steps taken, and 45245 accepted.
[mcmc] Progress @ 2025-04-22 08:28:04 : 65665 steps taken, and 45271 accepted.
[mcmc] Progress @ 2025-04-22 08:29:06 : 65827 steps taken, and 45296 accepted.
[mcmc] Progress @ 2025-04-22 08:30:07 : 65946 steps taken, and 45315 accepted.
 Warning: xe at redshift zero is < 1
 Check input parameters an Reionization_xe
 function in the Reionization module
[mcmc] Progress @ 2025-04-22 08:31:09 : 66070 steps taken, and 45334 accepted.
 Warning: xe at redshift zero is < 1
 Check input parameters an Reionization_xe
 function in the Reionization module
 Warning: xe at redshift zero is < 1
 Check input parameters an Reionization_xe
 function in the Reionization module
[mcmc] Progress @ 2025-04-22 08:32:12 : 66239 steps taken, and 45361 accepted.
 Warning: xe at redshift zero is < 1
 Check input parameters an Reionization_xe
 function in the Reionization module
 Warning: xe at redshift zero is < 1
 Check input parameters an Reionization_xe
 function in the Reionization module
[mcmc] Progress @ 2025-04-22 08:33:12 : 66411 steps taken, and 45388 accepted.
[mcmc] Progress @ 2025-04-22 08:34:13 : 66561 steps taken, and 45405 accepted.
[mcmc] Progress @ 2025-04-22 08:35:17 : 66729 steps taken, and 45435 accepted.
[mcmc] Learn + convergence test @ 45440 samples accepted.
[mcmc]  - Acceptance rate: 0.813
[mcmc]  - Convergence of means: R-1 = 0.015128 after 36352 accepted steps
[mcmc]  - Updated covariance matrix of proposal pdf.
[mcmc] Progress @ 2025-04-22 08:36:17 : 66859 steps taken, and 45458 accepted.
[mcmc] Progress @ 2025-04-22 08:37:18 : 66984 steps taken, and 45477 accepted.
[mcmc] Progress @ 2025-04-22 08:38:20 : 67140 steps taken, and 45503 accepted.
[mcmc] Progress @ 2025-04-22 08:39:20 : 67287 steps taken, and 45525 accepted.
 Warning: xe at redshift zero is < 1
 Check input parameters an Reionization_xe
 function in the Reionization module
[mcmc] Progress @ 2025-04-22 08:40:21 : 67444 steps taken, and 45553 accepted.
[mcmc] Progress @ 2025-04-22 08:41:24 : 67594 steps taken, and 45576 accepted.
[mcmc] Progress @ 2025-04-22 08:42:26 : 67743 steps taken, and 45605 accepted.
[mcmc] Progress @ 2025-04-22 08:43:28 : 67890 steps taken, and 45628 accepted.
[mcmc] Progress @ 2025-04-22 08:44:29 : 68048 steps taken, and 45654 accepted.
[mcmc] Progress @ 2025-04-22 08:45:31 : 68265 steps taken, and 45690 accepted.
 Warning: xe at redshift zero is < 1
 Check input parameters an Reionization_xe
 function in the Reionization module
[mcmc] Progress @ 2025-04-22 08:46:31 : 68380 steps taken, and 45711 accepted.
[mcmc] Progress @ 2025-04-22 08:47:35 : 68564 steps taken, and 45742 accepted.
[mcmc] Learn + convergence test @ 45760 samples accepted.
[mcmc]  - Acceptance rate: 0.813
[mcmc]  - Convergence of means: R-1 = 0.013953 after 36608 accepted steps
[mcmc]  - Updated covariance matrix of proposal pdf.
[mcmc] Progress @ 2025-04-22 08:48:38 : 68724 steps taken, and 45768 accepted.
[mcmc] Progress @ 2025-04-22 08:49:41 : 68907 steps taken, and 45797 accepted.
[mcmc] Progress @ 2025-04-22 08:50:45 : 69068 steps taken, and 45823 accepted.
[mcmc] Progress @ 2025-04-22 08:51:46 : 69221 steps taken, and 45847 accepted.
[mcmc] Progress @ 2025-04-22 08:52:47 : 69383 steps taken, and 45875 accepted.
[mcmc] Progress @ 2025-04-22 08:53:50 : 69572 steps taken, and 45905 accepted.
[mcmc] Progress @ 2025-04-22 08:54:51 : 69722 steps taken, and 45929 accepted.
[mcmc] Progress @ 2025-04-22 08:55:55 : 69844 steps taken, and 45950 accepted.
[mcmc] Progress @ 2025-04-22 08:57:02 : 69941 steps taken, and 45967 accepted.
[mcmc] Progress @ 2025-04-22 08:58:03 : 70008 steps taken, and 45978 accepted.
[mcmc] Progress @ 2025-04-22 08:59:03 : 70180 steps taken, and 46008 accepted.
[mcmc] Progress @ 2025-04-22 09:00:07 : 70343 steps taken, and 46038 accepted.
[mcmc] Progress @ 2025-04-22 09:01:08 : 70484 steps taken, and 46061 accepted.
[mcmc] Learn + convergence test @ 46080 samples accepted.
[mcmc]  - Acceptance rate: 0.813
[mcmc]  - Convergence of means: R-1 = 0.017155 after 36864 accepted steps
[mcmc]  - Updated covariance matrix of proposal pdf.
[mcmc] Progress @ 2025-04-22 09:02:09 : 70642 steps taken, and 46086 accepted.
 Warning: xe at redshift zero is < 1
 Check input parameters an Reionization_xe
 function in the Reionization module
[mcmc] Progress @ 2025-04-22 09:03:11 : 70816 steps taken, and 46110 accepted.
[mcmc] Progress @ 2025-04-22 09:04:14 : 70979 steps taken, and 46140 accepted.
[mcmc] Progress @ 2025-04-22 09:05:16 : 71158 steps taken, and 46172 accepted.
[mcmc] Progress @ 2025-04-22 09:06:17 : 71324 steps taken, and 46202 accepted.
[mcmc] Progress @ 2025-04-22 09:07:18 : 71484 steps taken, and 46229 accepted.
[mcmc] Progress @ 2025-04-22 09:08:19 : 71624 steps taken, and 46247 accepted.
[mcmc] Progress @ 2025-04-22 09:09:22 : 71761 steps taken, and 46272 accepted.
[mcmc] Progress @ 2025-04-22 09:10:23 : 71905 steps taken, and 46297 accepted.
[mcmc] Progress @ 2025-04-22 09:11:23 : 72041 steps taken, and 46321 accepted.
[mcmc] Progress @ 2025-04-22 09:12:24 : 72236 steps taken, and 46354 accepted.
[mcmc] Progress @ 2025-04-22 09:13:25 : 72365 steps taken, and 46375 accepted.
[mcmc] Learn + convergence test @ 46400 samples accepted.
[mcmc]  - Acceptance rate: 0.813
[mcmc]  - Convergence of means: R-1 = 0.014679 after 37120 accepted steps
[mcmc]  - Updated covariance matrix of proposal pdf.
[mcmc] Progress @ 2025-04-22 09:14:25 : 72536 steps taken, and 46401 accepted.
 Warning: xe at redshift zero is < 1
 Check input parameters an Reionization_xe
 function in the Reionization module
[mcmc] Progress @ 2025-04-22 09:15:26 : 72670 steps taken, and 46423 accepted.
 Warning: xe at redshift zero is < 1
 Check input parameters an Reionization_xe
 function in the Reionization module
[mcmc] Progress @ 2025-04-22 09:16:27 : 72863 steps taken, and 46456 accepted.
[mcmc] Progress @ 2025-04-22 09:17:31 : 73088 steps taken, and 46495 accepted.
[mcmc] Progress @ 2025-04-22 09:18:33 : 73294 steps taken, and 46529 accepted.
[mcmc] Progress @ 2025-04-22 09:19:33 : 73413 steps taken, and 46545 accepted.
[mcmc] Progress @ 2025-04-22 09:20:34 : 73585 steps taken, and 46572 accepted.
 Warning: xe at redshift zero is < 1
 Check input parameters an Reionization_xe
 function in the Reionization module
[mcmc] Progress @ 2025-04-22 09:21:34 : 73732 steps taken, and 46598 accepted.
 Warning: xe at redshift zero is < 1
 Check input parameters an Reionization_xe
 function in the Reionization module
[mcmc] Progress @ 2025-04-22 09:22:35 : 73999 steps taken, and 46640 accepted.
[mcmc] Progress @ 2025-04-22 09:23:38 : 74320 steps taken, and 46687 accepted.
[mcmc] Progress @ 2025-04-22 09:24:40 : 74441 steps taken, and 46708 accepted.
[mcmc] Learn + convergence test @ 46720 samples accepted.
[mcmc]  - Acceptance rate: 0.813
[mcmc]  - Convergence of means: R-1 = 0.014522 after 37376 accepted steps
[mcmc]  - Updated covariance matrix of proposal pdf.
[mcmc] Progress @ 2025-04-22 09:25:40 : 74584 steps taken, and 46735 accepted.
 Warning: xe at redshift zero is < 1
 Check input parameters an Reionization_xe
 function in the Reionization module
[mcmc] Progress @ 2025-04-22 09:26:41 : 74731 steps taken, and 46759 accepted.
 Warning: xe at redshift zero is < 1
 Check input parameters an Reionization_xe
 function in the Reionization module
[mcmc] Progress @ 2025-04-22 09:27:44 : 74920 steps taken, and 46792 accepted.
[mcmc] Progress @ 2025-04-22 09:28:47 : 75078 steps taken, and 46816 accepted.
 Warning: xe at redshift zero is < 1
 Check input parameters an Reionization_xe
 function in the Reionization module
 Warning: xe at redshift zero is < 1
 Check input parameters an Reionization_xe
 function in the Reionization module
[mcmc] Progress @ 2025-04-22 09:29:50 : 75237 steps taken, and 46843 accepted.
[mcmc] Progress @ 2025-04-22 09:30:55 : 75403 steps taken, and 46864 accepted.
[mcmc] Progress @ 2025-04-22 09:31:56 : 75583 steps taken, and 46897 accepted.
[mcmc] Progress @ 2025-04-22 09:32:57 : 75707 steps taken, and 46920 accepted.
[mcmc] Progress @ 2025-04-22 09:33:57 : 75927 steps taken, and 46955 accepted.
[mcmc] Progress @ 2025-04-22 09:34:58 : 76066 steps taken, and 46980 accepted.
 Warning: xe at redshift zero is < 1
 Check input parameters an Reionization_xe
 function in the Reionization module
 Warning: xe at redshift zero is < 1
 Check input parameters an Reionization_xe
 function in the Reionization module
[mcmc] Progress @ 2025-04-22 09:36:00 : 76260 steps taken, and 47014 accepted.
[mcmc] Progress @ 2025-04-22 09:37:02 : 76400 steps taken, and 47037 accepted.
[mcmc] Learn + convergence test @ 47040 samples accepted.
[mcmc]  - Acceptance rate: 0.813
[mcmc]  - Convergence of means: R-1 = 0.016367 after 37632 accepted steps
[mcmc]  - Updated covariance matrix of proposal pdf.
 Warning: xe at redshift zero is < 1
 Check input parameters an Reionization_xe
 function in the Reionization module
[mcmc] Progress @ 2025-04-22 09:38:02 : 76551 steps taken, and 47063 accepted.
 Warning: xe at redshift zero is < 1
 Check input parameters an Reionization_xe
 function in the Reionization module
[mcmc] Progress @ 2025-04-22 09:39:04 : 76701 steps taken, and 47088 accepted.
[mcmc] Progress @ 2025-04-22 09:40:06 : 76869 steps taken, and 47113 accepted.
[mcmc] Progress @ 2025-04-22 09:41:07 : 77079 steps taken, and 47149 accepted.
[mcmc] Progress @ 2025-04-22 09:42:08 : 77217 steps taken, and 47169 accepted.
[mcmc] Progress @ 2025-04-22 09:43:10 : 77368 steps taken, and 47194 accepted.
[mcmc] Progress @ 2025-04-22 09:44:10 : 77497 steps taken, and 47214 accepted.
[mcmc] Progress @ 2025-04-22 09:45:12 : 77758 steps taken, and 47254 accepted.
[mcmc] Progress @ 2025-04-22 09:46:15 : 77903 steps taken, and 47280 accepted.
[mcmc] Progress @ 2025-04-22 09:47:17 : 78074 steps taken, and 47310 accepted.
[mcmc] Progress @ 2025-04-22 09:48:18 : 78217 steps taken, and 47335 accepted.
 Warning: xe at redshift zero is < 1
 Check input parameters an Reionization_xe
 function in the Reionization module
[mcmc] Learn + convergence test @ 47360 samples accepted.
[mcmc]  - Acceptance rate: 0.813
[mcmc]  - Convergence of means: R-1 = 0.016974 after 37888 accepted steps
[mcmc]  - Updated covariance matrix of proposal pdf.
[mcmc] Progress @ 2025-04-22 09:49:19 : 78393 steps taken, and 47362 accepted.
[mcmc] Progress @ 2025-04-22 09:50:23 : 78618 steps taken, and 47399 accepted.
[mcmc] Progress @ 2025-04-22 09:51:24 : 78768 steps taken, and 47425 accepted.
[mcmc] Progress @ 2025-04-22 09:52:26 : 78907 steps taken, and 47446 accepted.
[mcmc] Progress @ 2025-04-22 09:53:28 : 79058 steps taken, and 47468 accepted.
[mcmc] Progress @ 2025-04-22 09:54:29 : 79274 steps taken, and 47501 accepted.
[mcmc] Progress @ 2025-04-22 09:55:32 : 79479 steps taken, and 47533 accepted.
[mcmc] Progress @ 2025-04-22 09:56:32 : 79601 steps taken, and 47551 accepted.
[mcmc] Progress @ 2025-04-22 09:57:35 : 79776 steps taken, and 47581 accepted.
[mcmc] Progress @ 2025-04-22 09:58:38 : 79928 steps taken, and 47602 accepted.
[mcmc] Progress @ 2025-04-22 09:59:38 : 80151 steps taken, and 47634 accepted.
[mcmc] Progress @ 2025-04-22 10:00:41 : 80288 steps taken, and 47656 accepted.
[mcmc] Learn + convergence test @ 47680 samples accepted.
[mcmc]  - Acceptance rate: 0.813
[mcmc]  - Convergence of means: R-1 = 0.018474 after 38144 accepted steps
[mcmc]  - Updated covariance matrix of proposal pdf.
[mcmc] Progress @ 2025-04-22 10:01:44 : 80489 steps taken, and 47691 accepted.
[mcmc] Progress @ 2025-04-22 10:02:46 : 80616 steps taken, and 47713 accepted.
[mcmc] Progress @ 2025-04-22 10:03:48 : 80749 steps taken, and 47736 accepted.
[mcmc] Progress @ 2025-04-22 10:04:50 : 80867 steps taken, and 47754 accepted.
[mcmc] Progress @ 2025-04-22 10:05:53 : 81026 steps taken, and 47779 accepted.
[mcmc] Progress @ 2025-04-22 10:06:55 : 81215 steps taken, and 47812 accepted.
[mcmc] Progress @ 2025-04-22 10:07:56 : 81375 steps taken, and 47837 accepted.
[mcmc] Progress @ 2025-04-22 10:09:00 : 81517 steps taken, and 47863 accepted.
[mcmc] Progress @ 2025-04-22 10:10:04 : 81708 steps taken, and 47895 accepted.
[mcmc] Progress @ 2025-04-22 10:11:06 : 81926 steps taken, and 47927 accepted.
[mcmc] Progress @ 2025-04-22 10:12:08 : 82120 steps taken, and 47959 accepted.
[mcmc] Progress @ 2025-04-22 10:13:10 : 82253 steps taken, and 47983 accepted.
[mcmc] Learn + convergence test @ 48000 samples accepted.
[mcmc]  - Acceptance rate: 0.813
[mcmc]  - Convergence of means: R-1 = 0.018867 after 38400 accepted steps
[mcmc]  - Updated covariance matrix of proposal pdf.
[mcmc] Progress @ 2025-04-22 10:14:13 : 82389 steps taken, and 48008 accepted.
 Warning: xe at redshift zero is < 1
 Check input parameters an Reionization_xe
 function in the Reionization module
[mcmc] Progress @ 2025-04-22 10:15:15 : 82553 steps taken, and 48034 accepted.
[mcmc] Progress @ 2025-04-22 10:16:19 : 82799 steps taken, and 48073 accepted.
[mcmc] Progress @ 2025-04-22 10:17:20 : 82945 steps taken, and 48097 accepted.
[mcmc] Progress @ 2025-04-22 10:18:23 : 83125 steps taken, and 48121 accepted.
 Warning: xe at redshift zero is < 1
 Check input parameters an Reionization_xe
 function in the Reionization module
[mcmc] Progress @ 2025-04-22 10:19:25 : 83278 steps taken, and 48147 accepted.
[mcmc] Progress @ 2025-04-22 10:20:28 : 83477 steps taken, and 48183 accepted.
[mcmc] Progress @ 2025-04-22 10:21:32 : 83630 steps taken, and 48210 accepted.
[mcmc] Progress @ 2025-04-22 10:22:33 : 83768 steps taken, and 48231 accepted.
 Warning: xe at redshift zero is < 1
 Check input parameters an Reionization_xe
 function in the Reionization module
[mcmc] Progress @ 2025-04-22 10:23:35 : 83918 steps taken, and 48255 accepted.
 Warning: xe at redshift zero is < 1
 Check input parameters an Reionization_xe
 function in the Reionization module
[mcmc] Progress @ 2025-04-22 10:24:37 : 84112 steps taken, and 48286 accepted.
[mcmc] Progress @ 2025-04-22 10:25:37 : 84287 steps taken, and 48317 accepted.
[mcmc] Learn + convergence test @ 48320 samples accepted.
[mcmc]  - Acceptance rate: 0.813
[mcmc]  - Convergence of means: R-1 = 0.016355 after 38656 accepted steps
[mcmc]  - Updated covariance matrix of proposal pdf.
[mcmc] Progress @ 2025-04-22 10:26:38 : 84413 steps taken, and 48338 accepted.
[mcmc] Progress @ 2025-04-22 10:27:38 : 84562 steps taken, and 48358 accepted.
[mcmc] Progress @ 2025-04-22 10:28:38 : 84684 steps taken, and 48378 accepted.
[mcmc] Progress @ 2025-04-22 10:29:40 : 84818 steps taken, and 48403 accepted.
[mcmc] Progress @ 2025-04-22 10:30:40 : 84998 steps taken, and 48434 accepted.
 Warning: xe at redshift zero is < 1
 Check input parameters an Reionization_xe
 function in the Reionization module
[mcmc] Progress @ 2025-04-22 10:31:43 : 85219 steps taken, and 48474 accepted.
 Warning: xe at redshift zero is < 1
 Check input parameters an Reionization_xe
 function in the Reionization module
 Warning: xe at redshift zero is < 1
 Check input parameters an Reionization_xe
 function in the Reionization module
[mcmc] Progress @ 2025-04-22 10:32:44 : 85350 steps taken, and 48496 accepted.
[mcmc] Progress @ 2025-04-22 10:33:47 : 85498 steps taken, and 48523 accepted.
[mcmc] Progress @ 2025-04-22 10:34:50 : 85720 steps taken, and 48554 accepted.
[mcmc] Progress @ 2025-04-22 10:35:53 : 85878 steps taken, and 48581 accepted.
[mcmc] Progress @ 2025-04-22 10:36:55 : 86047 steps taken, and 48608 accepted.
[mcmc] Progress @ 2025-04-22 10:37:56 : 86199 steps taken, and 48632 accepted.
[mcmc] Learn + convergence test @ 48640 samples accepted.
[mcmc]  - Acceptance rate: 0.813
[mcmc]  - Convergence of means: R-1 = 0.015959 after 38912 accepted steps
[mcmc]  - Updated covariance matrix of proposal pdf.
[mcmc] Progress @ 2025-04-22 10:38:56 : 86316 steps taken, and 48651 accepted.
[mcmc] Progress @ 2025-04-22 10:39:57 : 86467 steps taken, and 48675 accepted.
[mcmc] Progress @ 2025-04-22 10:40:58 : 86684 steps taken, and 48712 accepted.
[mcmc] Progress @ 2025-04-22 10:41:58 : 86818 steps taken, and 48732 accepted.
[mcmc] Progress @ 2025-04-22 10:43:00 : 86958 steps taken, and 48750 accepted.
[mcmc] Progress @ 2025-04-22 10:44:01 : 87104 steps taken, and 48775 accepted.
[mcmc] Progress @ 2025-04-22 10:45:03 : 87219 steps taken, and 48796 accepted.
[mcmc] Progress @ 2025-04-22 10:46:05 : 87404 steps taken, and 48823 accepted.
[mcmc] Progress @ 2025-04-22 10:47:08 : 87617 steps taken, and 48854 accepted.
[mcmc] Progress @ 2025-04-22 10:48:08 : 87748 steps taken, and 48876 accepted.
[mcmc] Progress @ 2025-04-22 10:49:09 : 87885 steps taken, and 48900 accepted.
[mcmc] Progress @ 2025-04-22 10:50:12 : 88033 steps taken, and 48921 accepted.
[mcmc] Progress @ 2025-04-22 10:51:13 : 88184 steps taken, and 48947 accepted.
[mcmc] Learn + convergence test @ 48960 samples accepted.
[mcmc]  - Acceptance rate: 0.813
[mcmc]  - Convergence of means: R-1 = 0.015136 after 39168 accepted steps
[mcmc]  - Updated covariance matrix of proposal pdf.
[mcmc] Progress @ 2025-04-22 10:52:13 : 88346 steps taken, and 48978 accepted.
[mcmc] Progress @ 2025-04-22 10:53:17 : 88460 steps taken, and 48999 accepted.
[mcmc] Progress @ 2025-04-22 10:54:20 : 88592 steps taken, and 49020 accepted.
[mcmc] Progress @ 2025-04-22 10:55:20 : 88761 steps taken, and 49045 accepted.
[mcmc] Progress @ 2025-04-22 10:56:21 : 88914 steps taken, and 49068 accepted.
[mcmc] Progress @ 2025-04-22 10:57:21 : 89055 steps taken, and 49088 accepted.
[mcmc] Progress @ 2025-04-22 10:58:24 : 89203 steps taken, and 49115 accepted.
[mcmc] Progress @ 2025-04-22 10:59:25 : 89322 steps taken, and 49133 accepted.
[mcmc] Progress @ 2025-04-22 11:00:27 : 89482 steps taken, and 49159 accepted.
 Warning: xe at redshift zero is < 1
 Check input parameters an Reionization_xe
 function in the Reionization module
[mcmc] Progress @ 2025-04-22 11:01:29 : 89641 steps taken, and 49185 accepted.
[mcmc] Progress @ 2025-04-22 11:02:30 : 89781 steps taken, and 49206 accepted.
[mcmc] Progress @ 2025-04-22 11:03:30 : 89968 steps taken, and 49232 accepted.
[mcmc] Progress @ 2025-04-22 11:04:33 : 90088 steps taken, and 49256 accepted.
[mcmc] Learn + convergence test @ 49280 samples accepted.
[mcmc]  - Acceptance rate: 0.813
[mcmc]  - Convergence of means: R-1 = 0.016293 after 39424 accepted steps
[mcmc]  - Updated covariance matrix of proposal pdf.
[mcmc] Progress @ 2025-04-22 11:05:35 : 90256 steps taken, and 49281 accepted.
[mcmc] Progress @ 2025-04-22 11:06:35 : 90423 steps taken, and 49306 accepted.
[mcmc] Progress @ 2025-04-22 11:07:35 : 90595 steps taken, and 49332 accepted.
[mcmc] Progress @ 2025-04-22 11:08:37 : 90746 steps taken, and 49358 accepted.
[mcmc] Progress @ 2025-04-22 11:09:41 : 90890 steps taken, and 49383 accepted.
[mcmc] Progress @ 2025-04-22 11:10:43 : 91033 steps taken, and 49405 accepted.
[mcmc] Progress @ 2025-04-22 11:11:43 : 91216 steps taken, and 49433 accepted.
[mcmc] Progress @ 2025-04-22 11:12:46 : 91359 steps taken, and 49459 accepted.
[mcmc] Progress @ 2025-04-22 11:13:49 : 91506 steps taken, and 49480 accepted.
[mcmc] Progress @ 2025-04-22 11:14:52 : 91674 steps taken, and 49510 accepted.
[mcmc] Progress @ 2025-04-22 11:15:53 : 91805 steps taken, and 49533 accepted.
[mcmc] Progress @ 2025-04-22 11:16:53 : 91918 steps taken, and 49552 accepted.
[mcmc] Progress @ 2025-04-22 11:17:53 : 92053 steps taken, and 49572 accepted.
[mcmc] Progress @ 2025-04-22 11:18:53 : 92194 steps taken, and 49598 accepted.
[mcmc] Learn + convergence test @ 49600 samples accepted.
[mcmc]  - Acceptance rate: 0.813
[mcmc]  - Convergence of means: R-1 = 0.016344 after 39680 accepted steps
[mcmc]  - Updated covariance matrix of proposal pdf.
[mcmc] Progress @ 2025-04-22 11:19:55 : 92343 steps taken, and 49624 accepted.
[mcmc] Progress @ 2025-04-22 11:20:55 : 92498 steps taken, and 49652 accepted.
[mcmc] Progress @ 2025-04-22 11:21:57 : 92647 steps taken, and 49672 accepted.
[mcmc] Progress @ 2025-04-22 11:23:00 : 92781 steps taken, and 49694 accepted.
[mcmc] Progress @ 2025-04-22 11:24:03 : 92958 steps taken, and 49722 accepted.
[mcmc] Progress @ 2025-04-22 11:25:05 : 93071 steps taken, and 49743 accepted.
[mcmc] Progress @ 2025-04-22 11:26:08 : 93291 steps taken, and 49779 accepted.
[mcmc] Progress @ 2025-04-22 11:27:09 : 93450 steps taken, and 49808 accepted.
 Warning: xe at redshift zero is < 1
 Check input parameters an Reionization_xe
 function in the Reionization module
[mcmc] Progress @ 2025-04-22 11:28:09 : 93600 steps taken, and 49830 accepted.
[mcmc] Progress @ 2025-04-22 11:29:10 : 93777 steps taken, and 49857 accepted.
[mcmc] Progress @ 2025-04-22 11:30:11 : 93921 steps taken, and 49884 accepted.
[mcmc] Progress @ 2025-04-22 11:31:12 : 94064 steps taken, and 49907 accepted.
[mcmc] Learn + convergence test @ 49920 samples accepted.
[mcmc]  - Acceptance rate: 0.813
[mcmc]  - Convergence of means: R-1 = 0.021212 after 39936 accepted steps
[mcmc]  - Updated covariance matrix of proposal pdf.
[mcmc] Progress @ 2025-04-22 11:32:12 : 94196 steps taken, and 49929 accepted.
[mcmc] Progress @ 2025-04-22 11:33:15 : 94405 steps taken, and 49961 accepted.
[mcmc] Progress @ 2025-04-22 11:34:17 : 94537 steps taken, and 49985 accepted.
 Warning: xe at redshift zero is < 1
 Check input parameters an Reionization_xe
 function in the Reionization module
[mcmc] Progress @ 2025-04-22 11:35:21 : 94699 steps taken, and 50008 accepted.
[mcmc] Progress @ 2025-04-22 11:36:24 : 94819 steps taken, and 50031 accepted.
 Warning: xe at redshift zero is < 1
 Check input parameters an Reionization_xe
 function in the Reionization module
 Warning: xe at redshift zero is < 1
 Check input parameters an Reionization_xe
 function in the Reionization module
 Warning: xe at redshift zero is < 1
 Check input parameters an Reionization_xe
 function in the Reionization module
[mcmc] Progress @ 2025-04-22 11:37:26 : 95002 steps taken, and 50061 accepted.
[mcmc] Progress @ 2025-04-22 11:38:27 : 95173 steps taken, and 50092 accepted.
 Warning: xe at redshift zero is < 1
 Check input parameters an Reionization_xe
 function in the Reionization module
[mcmc] Progress @ 2025-04-22 11:39:28 : 95357 steps taken, and 50123 accepted.
[mcmc] Progress @ 2025-04-22 11:40:28 : 95513 steps taken, and 50146 accepted.
[mcmc] Progress @ 2025-04-22 11:41:31 : 95704 steps taken, and 50177 accepted.
[mcmc] Progress @ 2025-04-22 11:42:34 : 95864 steps taken, and 50206 accepted.
[mcmc] Learn + convergence test @ 50240 samples accepted.
[mcmc]  - Acceptance rate: 0.813
[mcmc]  - Convergence of means: R-1 = 0.020497 after 40192 accepted steps
[mcmc]  - Updated covariance matrix of proposal pdf.
[mcmc] Progress @ 2025-04-22 11:43:35 : 96103 steps taken, and 50243 accepted.
 Warning: xe at redshift zero is < 1
 Check input parameters an Reionization_xe
 function in the Reionization module
[mcmc] Progress @ 2025-04-22 11:44:36 : 96346 steps taken, and 50281 accepted.
[mcmc] Progress @ 2025-04-22 11:45:39 : 96546 steps taken, and 50314 accepted.
[mcmc] Progress @ 2025-04-22 11:46:40 : 96684 steps taken, and 50337 accepted.
[mcmc] Progress @ 2025-04-22 11:47:40 : 96823 steps taken, and 50357 accepted.
[mcmc] Progress @ 2025-04-22 11:48:44 : 97029 steps taken, and 50391 accepted.
[mcmc] Progress @ 2025-04-22 11:49:46 : 97202 steps taken, and 50420 accepted.
[mcmc] Progress @ 2025-04-22 11:50:46 : 97327 steps taken, and 50444 accepted.
[mcmc] Progress @ 2025-04-22 11:51:50 : 97498 steps taken, and 50475 accepted.
[mcmc] Progress @ 2025-04-22 11:52:54 : 97652 steps taken, and 50499 accepted.
[mcmc] Progress @ 2025-04-22 11:53:54 : 97806 steps taken, and 50525 accepted.
[mcmc] Progress @ 2025-04-22 11:54:57 : 97981 steps taken, and 50555 accepted.
[mcmc] Learn + convergence test @ 50560 samples accepted.
[mcmc]  - Acceptance rate: 0.814
[mcmc]  - Convergence of means: R-1 = 0.022329 after 40448 accepted steps
[mcmc]  - Updated covariance matrix of proposal pdf.
[mcmc] Progress @ 2025-04-22 11:55:58 : 98117 steps taken, and 50580 accepted.
[mcmc] Progress @ 2025-04-22 11:56:58 : 98229 steps taken, and 50601 accepted.
 Warning: xe at redshift zero is < 1
 Check input parameters an Reionization_xe
 function in the Reionization module
[mcmc] Progress @ 2025-04-22 11:57:58 : 98379 steps taken, and 50627 accepted.
[mcmc] Progress @ 2025-04-22 11:59:02 : 98594 steps taken, and 50658 accepted.
[mcmc] Progress @ 2025-04-22 12:00:05 : 98767 steps taken, and 50687 accepted.
[mcmc] Progress @ 2025-04-22 12:01:08 : 99072 steps taken, and 50740 accepted.
 Warning: xe at redshift zero is < 1
 Check input parameters an Reionization_xe
 function in the Reionization module
[mcmc] Progress @ 2025-04-22 12:02:09 : 99224 steps taken, and 50766 accepted.
[mcmc] Progress @ 2025-04-22 12:03:10 : 99363 steps taken, and 50788 accepted.
 Warning: xe at redshift zero is < 1
 Check input parameters an Reionization_xe
 function in the Reionization module
[mcmc] Progress @ 2025-04-22 12:04:12 : 99501 steps taken, and 50811 accepted.
[mcmc] Progress @ 2025-04-22 12:05:12 : 99638 steps taken, and 50831 accepted.
[mcmc] Progress @ 2025-04-22 12:06:14 : 99838 steps taken, and 50861 accepted.
[mcmc] Learn + convergence test @ 50880 samples accepted.
[mcmc]  - Acceptance rate: 0.814
[mcmc]  - Convergence of means: R-1 = 0.022362 after 40704 accepted steps
[mcmc]  - Updated covariance matrix of proposal pdf.
[mcmc] Progress @ 2025-04-22 12:07:17 : 100014 steps taken, and 50891 accepted.
 Warning: xe at redshift zero is < 1
 Check input parameters an Reionization_xe
 function in the Reionization module
 Warning: xe at redshift zero is < 1
 Check input parameters an Reionization_xe
 function in the Reionization module
 Warning: xe at redshift zero is < 1
 Check input parameters an Reionization_xe
 function in the Reionization module
[mcmc] Progress @ 2025-04-22 12:08:18 : 100246 steps taken, and 50929 accepted.
[mcmc] Progress @ 2025-04-22 12:09:22 : 100382 steps taken, and 50951 accepted.
[mcmc] Progress @ 2025-04-22 12:10:22 : 100527 steps taken, and 50974 accepted.
 Warning: xe at redshift zero is < 1
 Check input parameters an Reionization_xe
 function in the Reionization module
[mcmc] Progress @ 2025-04-22 12:11:25 : 100720 steps taken, and 51001 accepted.
[mcmc] Progress @ 2025-04-22 12:12:27 : 100899 steps taken, and 51030 accepted.
[mcmc] Progress @ 2025-04-22 12:13:29 : 101034 steps taken, and 51051 accepted.
[mcmc] Progress @ 2025-04-22 12:14:30 : 101178 steps taken, and 51074 accepted.
[mcmc] Progress @ 2025-04-22 12:15:31 : 101317 steps taken, and 51098 accepted.
[mcmc] Progress @ 2025-04-22 12:16:32 : 101458 steps taken, and 51122 accepted.
[mcmc] Progress @ 2025-04-22 12:17:35 : 101742 steps taken, and 51163 accepted.
[mcmc] Progress @ 2025-04-22 12:18:35 : 101889 steps taken, and 51187 accepted.
[mcmc] Learn + convergence test @ 51200 samples accepted.
[mcmc]  - Acceptance rate: 0.814
[mcmc]  - Convergence of means: R-1 = 0.020733 after 40960 accepted steps
[mcmc]  - Updated covariance matrix of proposal pdf.
[mcmc] Progress @ 2025-04-22 12:19:37 : 102041 steps taken, and 51213 accepted.
[mcmc] Progress @ 2025-04-22 12:20:39 : 102231 steps taken, and 51244 accepted.
[mcmc] Progress @ 2025-04-22 12:21:40 : 102390 steps taken, and 51270 accepted.
[mcmc] Progress @ 2025-04-22 12:22:40 : 102541 steps taken, and 51295 accepted.
[mcmc] Progress @ 2025-04-22 12:23:40 : 102711 steps taken, and 51325 accepted.
[mcmc] Progress @ 2025-04-22 12:24:44 : 102904 steps taken, and 51353 accepted.
[mcmc] Progress @ 2025-04-22 12:25:46 : 103048 steps taken, and 51378 accepted.
 Warning: xe at redshift zero is < 1
 Check input parameters an Reionization_xe
 function in the Reionization module
[mcmc] Progress @ 2025-04-22 12:26:48 : 103182 steps taken, and 51402 accepted.
[mcmc] Progress @ 2025-04-22 12:27:50 : 103316 steps taken, and 51424 accepted.
 Warning: xe at redshift zero is < 1
 Check input parameters an Reionization_xe
 function in the Reionization module
[mcmc] Progress @ 2025-04-22 12:28:51 : 103474 steps taken, and 51452 accepted.
[mcmc] Progress @ 2025-04-22 12:29:54 : 103628 steps taken, and 51473 accepted.
[mcmc] Progress @ 2025-04-22 12:30:57 : 103806 steps taken, and 51503 accepted.
 Warning: xe at redshift zero is < 1
 Check input parameters an Reionization_xe
 function in the Reionization module
[mcmc] Learn + convergence test @ 51520 samples accepted.
[mcmc]  - Acceptance rate: 0.814
[mcmc]  - Convergence of means: R-1 = 0.019548 after 41216 accepted steps
[mcmc]  - Updated covariance matrix of proposal pdf.
[mcmc] Progress @ 2025-04-22 12:31:58 : 103948 steps taken, and 51526 accepted.
[mcmc] Progress @ 2025-04-22 12:33:00 : 104077 steps taken, and 51546 accepted.
[mcmc] Progress @ 2025-04-22 12:34:01 : 104300 steps taken, and 51576 accepted.
[mcmc] Progress @ 2025-04-22 12:35:02 : 104568 steps taken, and 51620 accepted.
[mcmc] Progress @ 2025-04-22 12:36:03 : 104702 steps taken, and 51642 accepted.
[mcmc] Progress @ 2025-04-22 12:37:03 : 104837 steps taken, and 51665 accepted.
[mcmc] Progress @ 2025-04-22 12:38:03 : 105004 steps taken, and 51688 accepted.
[mcmc] Progress @ 2025-04-22 12:39:04 : 105152 steps taken, and 51712 accepted.
[mcmc] Progress @ 2025-04-22 12:40:05 : 105318 steps taken, and 51741 accepted.
 Warning: xe at redshift zero is < 1
 Check input parameters an Reionization_xe
 function in the Reionization module
[mcmc] Progress @ 2025-04-22 12:41:07 : 105496 steps taken, and 51770 accepted.
[mcmc] Progress @ 2025-04-22 12:42:09 : 105615 steps taken, and 51789 accepted.
[mcmc] Progress @ 2025-04-22 12:43:12 : 105780 steps taken, and 51817 accepted.
[mcmc] Progress @ 2025-04-22 12:44:14 : 105903 steps taken, and 51837 accepted.
[mcmc] Learn + convergence test @ 51840 samples accepted.
[mcmc]  - Acceptance rate: 0.813
[mcmc]  - Convergence of means: R-1 = 0.020960 after 41472 accepted steps
[mcmc]  - Updated covariance matrix of proposal pdf.
[mcmc] Progress @ 2025-04-22 12:45:14 : 106015 steps taken, and 51857 accepted.
[mcmc] Progress @ 2025-04-22 12:46:18 : 106158 steps taken, and 51879 accepted.
[mcmc] Progress @ 2025-04-22 12:47:20 : 106344 steps taken, and 51908 accepted.
[mcmc] Progress @ 2025-04-22 12:48:22 : 106519 steps taken, and 51933 accepted.
[mcmc] Progress @ 2025-04-22 12:49:25 : 106744 steps taken, and 51970 accepted.
[mcmc] Progress @ 2025-04-22 12:50:25 : 106893 steps taken, and 51992 accepted.
[mcmc] Progress @ 2025-04-22 12:51:26 : 107023 steps taken, and 52013 accepted.
[mcmc] Progress @ 2025-04-22 12:52:28 : 107194 steps taken, and 52041 accepted.
[mcmc] Progress @ 2025-04-22 12:53:30 : 107307 steps taken, and 52062 accepted.
[mcmc] Progress @ 2025-04-22 12:54:31 : 107453 steps taken, and 52086 accepted.
[mcmc] Progress @ 2025-04-22 12:55:33 : 107600 steps taken, and 52109 accepted.
 Warning: xe at redshift zero is < 1
 Check input parameters an Reionization_xe
 function in the Reionization module
[mcmc] Progress @ 2025-04-22 12:56:34 : 107718 steps taken, and 52127 accepted.
 Warning: xe at redshift zero is < 1
 Check input parameters an Reionization_xe
 function in the Reionization module
[mcmc] Progress @ 2025-04-22 12:57:36 : 107853 steps taken, and 52150 accepted.
[mcmc] Learn + convergence test @ 52160 samples accepted.
[mcmc]  - Acceptance rate: 0.813
[mcmc]  - Convergence of means: R-1 = 0.019900 after 41728 accepted steps
[mcmc]  - Updated covariance matrix of proposal pdf.
[mcmc] Progress @ 2025-04-22 12:58:39 : 108006 steps taken, and 52174 accepted.
[mcmc] Progress @ 2025-04-22 12:59:42 : 108234 steps taken, and 52212 accepted.
[mcmc] Progress @ 2025-04-22 13:00:42 : 108419 steps taken, and 52238 accepted.
[mcmc] Progress @ 2025-04-22 13:01:43 : 108615 steps taken, and 52269 accepted.
[mcmc] Progress @ 2025-04-22 13:02:44 : 108736 steps taken, and 52287 accepted.
 Warning: xe at redshift zero is < 1
 Check input parameters an Reionization_xe
 function in the Reionization module
 Warning: xe at redshift zero is < 1
 Check input parameters an Reionization_xe
 function in the Reionization module
[mcmc] Progress @ 2025-04-22 13:03:44 : 108895 steps taken, and 52315 accepted.
 Warning: xe at redshift zero is < 1
 Check input parameters an Reionization_xe
 function in the Reionization module
[mcmc] Progress @ 2025-04-22 13:04:45 : 109085 steps taken, and 52342 accepted.
 Warning: xe at redshift zero is < 1
 Check input parameters an Reionization_xe
 function in the Reionization module
[mcmc] Progress @ 2025-04-22 13:05:45 : 109235 steps taken, and 52364 accepted.
[mcmc] Progress @ 2025-04-22 13:06:47 : 109390 steps taken, and 52387 accepted.
 Warning: xe at redshift zero is < 1
 Check input parameters an Reionization_xe
 function in the Reionization module
[mcmc] Progress @ 2025-04-22 13:07:50 : 109608 steps taken, and 52419 accepted.
[mcmc] Progress @ 2025-04-22 13:08:53 : 109773 steps taken, and 52442 accepted.
[mcmc] Progress @ 2025-04-22 13:09:55 : 109943 steps taken, and 52468 accepted.
[mcmc] Learn + convergence test @ 52480 samples accepted.
[mcmc]  - Acceptance rate: 0.813
[mcmc]  - Convergence of means: R-1 = 0.019817 after 41984 accepted steps
[mcmc]  - Updated covariance matrix of proposal pdf.
[mcmc] Progress @ 2025-04-22 13:10:56 : 110106 steps taken, and 52496 accepted.
[mcmc] Progress @ 2025-04-22 13:11:56 : 110292 steps taken, and 52527 accepted.
[mcmc] Progress @ 2025-04-22 13:12:58 : 110459 steps taken, and 52553 accepted.
[mcmc] Progress @ 2025-04-22 13:13:59 : 110601 steps taken, and 52579 accepted.
[mcmc] Progress @ 2025-04-22 13:15:01 : 110755 steps taken, and 52605 accepted.
 Warning: xe at redshift zero is < 1
 Check input parameters an Reionization_xe
 function in the Reionization module
 Warning: xe at redshift zero is < 1
 Check input parameters an Reionization_xe
 function in the Reionization module
[mcmc] Progress @ 2025-04-22 13:16:01 : 110931 steps taken, and 52635 accepted.
 Warning: xe at redshift zero is < 1
 Check input parameters an Reionization_xe
 function in the Reionization module
[mcmc] Progress @ 2025-04-22 13:17:01 : 111064 steps taken, and 52652 accepted.
[mcmc] Progress @ 2025-04-22 13:18:03 : 111212 steps taken, and 52676 accepted.
[mcmc] Progress @ 2025-04-22 13:19:04 : 111354 steps taken, and 52702 accepted.
[mcmc] Progress @ 2025-04-22 13:20:04 : 111539 steps taken, and 52732 accepted.
[mcmc] Progress @ 2025-04-22 13:21:07 : 111694 steps taken, and 52758 accepted.
[mcmc] Progress @ 2025-04-22 13:22:09 : 111835 steps taken, and 52780 accepted.
[mcmc] Learn + convergence test @ 52800 samples accepted.
[mcmc]  - Acceptance rate: 0.813
[mcmc]  - Convergence of means: R-1 = 0.019301 after 42240 accepted steps
[mcmc]  - Updated covariance matrix of proposal pdf.
[mcmc] Progress @ 2025-04-22 13:23:09 : 112006 steps taken, and 52805 accepted.
[mcmc] Progress @ 2025-04-22 13:24:10 : 112166 steps taken, and 52832 accepted.
[mcmc] Progress @ 2025-04-22 13:25:12 : 112328 steps taken, and 52856 accepted.
[mcmc] Progress @ 2025-04-22 13:26:13 : 112449 steps taken, and 52877 accepted.
[mcmc] Progress @ 2025-04-22 13:27:14 : 112595 steps taken, and 52898 accepted.
